2025-03-09 12:43:09|INFO|Starting Market Trading System
2025-03-09 12:43:09|INFO|Status reporter started
2025-03-09 12:43:09|INFO|Started recording market data for btcusdt
2025-03-09 12:43:11|INFO|Connection established successfully
2025-03-09 12:43:20|INFO|Warmup phase completed with 300 ticks
2025-03-09 12:48:03|INFO|Opened buy trade at 85024.170000 (Stop: 83398.786997, Target: 89087.627507, RR: 2.5)
2025-03-09 12:48:03|INFO|Signal: BUY BUY @ 85024.170000 on BTCUSDT
2025-03-09 12:48:12|INFO|Closed buy trade: Entry=85024.170000, Exit=85045.830000, PROFIT=0.03%, Reason=trend_reversal
2025-03-09 12:48:12|INFO|Signal: CLOSE @ 85045.830000 (trend_reversal) on BTCUSDT
2025-03-09 12:48:22|INFO|Opened buy trade at 85031.960000 (Stop: 83394.113378, Target: 89126.576556, RR: 2.5)
2025-03-09 12:48:22|INFO|Signal: BUY BUY @ 85031.960000 on BTCUSDT
2025-03-09 12:48:34|INFO|Closed buy trade: Entry=85031.960000, Exit=85036.450000, PROFIT=0.01%, Reason=trend_reversal
2025-03-09 12:48:34|INFO|Signal: CLOSE @ 85036.450000 (trend_reversal) on BTCUSDT
2025-03-09 12:50:56|INFO|Opened buy trade at 84757.610000 (Stop: 84338.329717, Target: 85805.810708, RR: 2.5)
2025-03-09 12:50:56|INFO|Signal: BUY BUY @ 84757.610000 on BTCUSDT
2025-03-09 12:50:58|INFO|Closed buy trade: Entry=84757.610000, Exit=84767.600000, PROFIT=0.01%, Reason=trend_reversal
2025-03-09 12:50:58|INFO|Signal: CLOSE @ 84767.600000 (trend_reversal) on BTCUSDT
2025-03-09 12:52:38|INFO|Opened buy trade at 84855.130000 (Stop: 83552.462337, Target: 88111.799158, RR: 2.5)
2025-03-09 12:52:38|INFO|Signal: BUY BUY @ 84855.130000 on BTCUSDT
2025-03-09 12:52:44|INFO|Closed buy trade: Entry=84855.130000, Exit=84890.960000, PROFIT=0.04%, Reason=trend_reversal
2025-03-09 12:52:44|INFO|Signal: CLOSE @ 84890.960000 (trend_reversal) on BTCUSDT
2025-03-09 12:52:53|INFO|Opened buy trade at 84853.990000 (Stop: 83596.217103, Target: 87998.422244, RR: 2.5)
2025-03-09 12:52:53|INFO|Signal: BUY BUY @ 84853.990000 on BTCUSDT
2025-03-09 12:52:53|INFO|Closed buy trade: Entry=84853.990000, Exit=84870.560000, PROFIT=0.02%, Reason=trend_reversal
2025-03-09 12:52:53|INFO|Signal: CLOSE @ 84870.560000 (trend_reversal) on BTCUSDT
2025-03-09 13:21:10|INFO|Opened buy trade at 84816.380000 (Stop: 83993.610647, Target: 86873.303383, RR: 2.5)
2025-03-09 13:21:10|INFO|Signal: BUY BUY @ 84816.380000 on BTCUSDT
2025-03-09 13:21:17|INFO|Closed buy trade: Entry=84816.380000, Exit=84860.310000, PROFIT=0.05%, Reason=trend_reversal
2025-03-09 13:21:17|INFO|Signal: CLOSE @ 84860.310000 (trend_reversal) on BTCUSDT
2025-03-09 13:44:13|INFO|Initiating graceful shutdown
2025-03-09 13:44:13|WARNING|Connection closed: unknown reason
2025-03-09 13:44:13|INFO|Status reporter stopped
