2025-03-10 10:49:16|INFO|Starting Market Trading System
2025-03-10 10:49:16|INFO|Status reporter started
2025-03-10 10:49:16|INFO|Started recording market data for btcusdt
2025-03-10 10:49:18|INFO|Connection established successfully
2025-03-10 10:49:24|INFO|Warmup phase completed with 300 ticks
2025-03-10 10:57:18|INFO|Opened buy trade at 81213.420000 (Stop: 80485.625724, Target: 83032.905690, RR: 2.5)
2025-03-10 10:57:18|INFO|Signal: BUY BUY @ 81213.420000 on BTCUSDT
2025-03-10 10:57:19|INFO|Closed buy trade: Entry=81213.420000, Exit=81217.700000, PROFIT=0.01%, Reason=trend_reversal
2025-03-10 10:57:19|INFO|Signal: CLOSE @ 81217.700000 (trend_reversal) on BTCUSDT
2025-03-10 11:15:33|INFO|Opened buy trade at 82100.000000 (Stop: 81733.041446, Target: 83017.396385, RR: 2.5)
2025-03-10 11:15:33|INFO|Signal: BUY BUY @ 82100.000000 on BTCUSDT
2025-03-10 11:15:35|INFO|Closed buy trade: Entry=82100.000000, Exit=82114.060000, PROFIT=0.02%, Reason=trend_reversal
2025-03-10 11:15:35|INFO|Signal: CLOSE @ 82114.060000 (trend_reversal) on BTCUSDT
2025-03-10 11:16:33|INFO|Opened buy trade at 82336.000000 (Stop: 81883.726772, Target: 83466.683070, RR: 2.5)
2025-03-10 11:16:33|INFO|Signal: BUY BUY @ 82336.000000 on BTCUSDT
2025-03-10 11:16:36|INFO|Closed buy trade: Entry=82336.000000, Exit=82436.010000, PROFIT=0.12%, Reason=trend_reversal
2025-03-10 11:16:36|INFO|Signal: CLOSE @ 82436.010000 (trend_reversal) on BTCUSDT
2025-03-10 11:16:41|INFO|Opened buy trade at 82482.910000 (Stop: 82105.715592, Target: 83425.896021, RR: 2.5)
2025-03-10 11:16:41|INFO|Signal: BUY BUY @ 82482.910000 on BTCUSDT
2025-03-10 11:16:42|INFO|Closed buy trade: Entry=82482.910000, Exit=82484.840000, PROFIT=0.00%, Reason=trend_reversal
2025-03-10 11:16:42|INFO|Signal: CLOSE @ 82484.840000 (trend_reversal) on BTCUSDT
2025-03-10 11:16:42|INFO|Opened buy trade at 82489.390000 (Stop: 82083.128134, Target: 83505.044665, RR: 2.5)
2025-03-10 11:16:42|INFO|Signal: BUY BUY @ 82489.390000 on BTCUSDT
2025-03-10 11:16:43|INFO|Closed buy trade: Entry=82489.390000, Exit=82546.000000, PROFIT=0.07%, Reason=trend_reversal
2025-03-10 11:16:43|INFO|Signal: CLOSE @ 82546.000000 (trend_reversal) on BTCUSDT
2025-03-10 11:16:48|INFO|Opened buy trade at 82529.360000 (Stop: 82114.706995, Target: 83565.992512, RR: 2.5)
2025-03-10 11:16:48|INFO|Signal: BUY BUY @ 82529.360000 on BTCUSDT
2025-03-10 11:16:48|INFO|Closed buy trade: Entry=82529.360000, Exit=82533.490000, PROFIT=0.01%, Reason=trend_reversal
2025-03-10 11:16:48|INFO|Signal: CLOSE @ 82533.490000 (trend_reversal) on BTCUSDT
2025-03-10 11:16:49|INFO|Opened buy trade at 82528.900000 (Stop: 82067.596188, Target: 83682.159529, RR: 2.5)
2025-03-10 11:16:49|INFO|Signal: BUY BUY @ 82528.900000 on BTCUSDT
2025-03-10 11:16:50|INFO|Closed buy trade: Entry=82528.900000, Exit=82572.070000, PROFIT=0.05%, Reason=trend_reversal
2025-03-10 11:16:50|INFO|Signal: CLOSE @ 82572.070000 (trend_reversal) on BTCUSDT
2025-03-10 11:16:59|INFO|Opened buy trade at 82435.530000 (Stop: 81958.121713, Target: 83629.050719, RR: 2.5)
2025-03-10 11:16:59|INFO|Signal: BUY BUY @ 82435.530000 on BTCUSDT
2025-03-10 11:16:59|INFO|Closed buy trade: Entry=82435.530000, Exit=82429.100000, LOSS=-0.01%, Reason=trend_reversal
2025-03-10 11:16:59|INFO|Signal: CLOSE @ 82429.100000 (trend_reversal) on BTCUSDT
2025-03-10 11:16:59|INFO|Opened buy trade at 82437.100000 (Stop: 81818.840186, Target: 83982.749535, RR: 2.5)
2025-03-10 11:16:59|INFO|Signal: BUY BUY @ 82437.100000 on BTCUSDT
2025-03-10 11:17:00|INFO|Closed buy trade: Entry=82437.100000, Exit=82437.110000, PROFIT=0.00%, Reason=trend_reversal
2025-03-10 11:17:00|INFO|Signal: CLOSE @ 82437.110000 (trend_reversal) on BTCUSDT
2025-03-10 11:17:00|INFO|Opened buy trade at 82427.660000 (Stop: 81826.683326, Target: 83930.101686, RR: 2.5)
2025-03-10 11:17:00|INFO|Signal: BUY BUY @ 82427.660000 on BTCUSDT
2025-03-10 11:17:02|INFO|Closed buy trade: Entry=82427.660000, Exit=82551.730000, PROFIT=0.15%, Reason=trend_reversal
2025-03-10 11:17:02|INFO|Signal: CLOSE @ 82551.730000 (trend_reversal) on BTCUSDT
2025-03-10 11:17:04|INFO|Opened buy trade at 82531.420000 (Stop: 82159.797012, Target: 83460.477471, RR: 2.5)
2025-03-10 11:17:04|INFO|Signal: BUY BUY @ 82531.420000 on BTCUSDT
2025-03-10 11:17:04|INFO|Closed buy trade: Entry=82531.420000, Exit=82542.620000, PROFIT=0.01%, Reason=trend_reversal
2025-03-10 11:17:04|INFO|Signal: CLOSE @ 82542.620000 (trend_reversal) on BTCUSDT
2025-03-10 11:17:05|INFO|Opened buy trade at 82527.930000 (Stop: 82100.513031, Target: 83596.472422, RR: 2.5)
2025-03-10 11:17:05|INFO|Signal: BUY BUY @ 82527.930000 on BTCUSDT
2025-03-10 11:17:05|INFO|Closed buy trade: Entry=82527.930000, Exit=82528.310000, PROFIT=0.00%, Reason=trend_reversal
2025-03-10 11:17:05|INFO|Signal: CLOSE @ 82528.310000 (trend_reversal) on BTCUSDT
2025-03-10 11:17:06|INFO|Opened buy trade at 82521.990000 (Stop: 82066.724801, Target: 83660.152997, RR: 2.5)
2025-03-10 11:17:06|INFO|Signal: BUY BUY @ 82521.990000 on BTCUSDT
2025-03-10 11:17:06|INFO|Closed buy trade: Entry=82521.990000, Exit=82543.010000, PROFIT=0.03%, Reason=trend_reversal
2025-03-10 11:17:06|INFO|Signal: CLOSE @ 82543.010000 (trend_reversal) on BTCUSDT
2025-03-10 11:17:17|INFO|Opened buy trade at 82854.070000 (Stop: 81796.330627, Target: 85498.418433, RR: 2.5)
2025-03-10 11:17:17|INFO|Signal: BUY BUY @ 82854.070000 on BTCUSDT
2025-03-10 11:17:18|INFO|Closed buy trade: Entry=82854.070000, Exit=82853.590000, LOSS=-0.00%, Reason=trend_reversal
2025-03-10 11:17:18|INFO|Signal: CLOSE @ 82853.590000 (trend_reversal) on BTCUSDT
2025-03-10 11:17:23|INFO|Opened buy trade at 82880.340000 (Stop: 82335.680824, Target: 84241.987939, RR: 2.5)
2025-03-10 11:17:23|INFO|Signal: BUY BUY @ 82880.340000 on BTCUSDT
2025-03-10 11:17:24|INFO|Closed buy trade: Entry=82880.340000, Exit=82896.420000, PROFIT=0.02%, Reason=trend_reversal
2025-03-10 11:17:24|INFO|Signal: CLOSE @ 82896.420000 (trend_reversal) on BTCUSDT
2025-03-10 11:17:24|INFO|Opened buy trade at 82901.890000 (Stop: 82285.081415, Target: 84443.911463, RR: 2.5)
2025-03-10 11:17:24|INFO|Signal: BUY BUY @ 82901.890000 on BTCUSDT
2025-03-10 11:17:24|INFO|Closed buy trade: Entry=82901.890000, Exit=82932.190000, PROFIT=0.04%, Reason=trend_reversal
2025-03-10 11:17:24|INFO|Signal: CLOSE @ 82932.190000 (trend_reversal) on BTCUSDT
2025-03-10 11:17:25|INFO|Opened buy trade at 82913.130000 (Stop: 82313.558260, Target: 84412.059349, RR: 2.5)
2025-03-10 11:17:25|INFO|Signal: BUY BUY @ 82913.130000 on BTCUSDT
2025-03-10 11:17:25|INFO|Closed buy trade: Entry=82913.130000, Exit=82923.770000, PROFIT=0.01%, Reason=trend_reversal
2025-03-10 11:17:25|INFO|Signal: CLOSE @ 82923.770000 (trend_reversal) on BTCUSDT
2025-03-10 11:17:25|INFO|Opened buy trade at 82932.590000 (Stop: 82155.344730, Target: 84875.703174, RR: 2.5)
2025-03-10 11:17:25|INFO|Signal: BUY BUY @ 82932.590000 on BTCUSDT
2025-03-10 11:17:25|INFO|Closed buy trade: Entry=82932.590000, Exit=82932.070000, LOSS=-0.00%, Reason=trend_reversal
2025-03-10 11:17:25|INFO|Signal: CLOSE @ 82932.070000 (trend_reversal) on BTCUSDT
2025-03-10 11:17:27|INFO|Opened buy trade at 82877.070000 (Stop: 82052.546980, Target: 84938.377550, RR: 2.5)
2025-03-10 11:17:27|INFO|Signal: BUY BUY @ 82877.070000 on BTCUSDT
2025-03-10 11:17:27|INFO|Closed buy trade: Entry=82877.070000, Exit=82934.150000, PROFIT=0.07%, Reason=trend_reversal
2025-03-10 11:17:27|INFO|Signal: CLOSE @ 82934.150000 (trend_reversal) on BTCUSDT
2025-03-10 11:17:28|INFO|Opened buy trade at 82875.990000 (Stop: 81904.422484, Target: 85304.908791, RR: 2.5)
2025-03-10 11:17:28|INFO|Signal: BUY BUY @ 82875.990000 on BTCUSDT
2025-03-10 11:17:29|INFO|Closed buy trade: Entry=82875.990000, Exit=82949.630000, PROFIT=0.09%, Reason=trend_reversal
2025-03-10 11:17:29|INFO|Signal: CLOSE @ 82949.630000 (trend_reversal) on BTCUSDT
2025-03-10 11:17:31|INFO|Opened buy trade at 82937.190000 (Stop: 82376.198464, Target: 84339.668839, RR: 2.5)
2025-03-10 11:17:31|INFO|Signal: BUY BUY @ 82937.190000 on BTCUSDT
2025-03-10 11:17:31|INFO|Closed buy trade: Entry=82937.190000, Exit=82943.820000, PROFIT=0.01%, Reason=trend_reversal
2025-03-10 11:17:31|INFO|Signal: CLOSE @ 82943.820000 (trend_reversal) on BTCUSDT
2025-03-10 11:17:31|INFO|Opened buy trade at 82954.350000 (Stop: 82356.262046, Target: 84449.569885, RR: 2.5)
2025-03-10 11:17:31|INFO|Signal: BUY BUY @ 82954.350000 on BTCUSDT
2025-03-10 11:17:31|INFO|Closed buy trade: Entry=82954.350000, Exit=82958.280000, PROFIT=0.00%, Reason=trend_reversal
2025-03-10 11:17:31|INFO|Signal: CLOSE @ 82958.280000 (trend_reversal) on BTCUSDT
2025-03-10 11:17:31|INFO|Opened buy trade at 82964.570000 (Stop: 82307.826767, Target: 84606.428083, RR: 2.5)
2025-03-10 11:17:31|INFO|Signal: BUY BUY @ 82964.570000 on BTCUSDT
2025-03-10 11:17:33|INFO|Closed buy trade: Entry=82964.570000, Exit=83024.730000, PROFIT=0.07%, Reason=trend_reversal
2025-03-10 11:17:33|INFO|Signal: CLOSE @ 83024.730000 (trend_reversal) on BTCUSDT
2025-03-10 11:17:34|INFO|Opened buy trade at 82972.560000 (Stop: 82563.659663, Target: 83994.810843, RR: 2.5)
2025-03-10 11:17:34|INFO|Signal: BUY BUY @ 82972.560000 on BTCUSDT
2025-03-10 11:17:34|INFO|Closed buy trade: Entry=82972.560000, Exit=82975.080000, PROFIT=0.00%, Reason=trend_reversal
2025-03-10 11:17:34|INFO|Signal: CLOSE @ 82975.080000 (trend_reversal) on BTCUSDT
2025-03-10 11:17:34|INFO|Opened buy trade at 82979.980000 (Stop: 82525.875793, Target: 84115.240518, RR: 2.5)
2025-03-10 11:17:34|INFO|Signal: BUY BUY @ 82979.980000 on BTCUSDT
2025-03-10 11:17:34|INFO|Closed buy trade: Entry=82979.980000, Exit=82985.860000, PROFIT=0.01%, Reason=trend_reversal
2025-03-10 11:17:34|INFO|Signal: CLOSE @ 82985.860000 (trend_reversal) on BTCUSDT
2025-03-10 11:17:34|INFO|Opened buy trade at 82980.840000 (Stop: 82409.605214, Target: 84408.926966, RR: 2.5)
2025-03-10 11:17:34|INFO|Signal: BUY BUY @ 82980.840000 on BTCUSDT
2025-03-10 11:17:35|INFO|Closed buy trade: Entry=82980.840000, Exit=82980.350000, LOSS=-0.00%, Reason=trend_reversal
2025-03-10 11:17:35|INFO|Signal: CLOSE @ 82980.350000 (trend_reversal) on BTCUSDT
2025-03-10 11:17:36|INFO|Opened buy trade at 82928.580000 (Stop: 82309.014877, Target: 84477.492808, RR: 2.5)
2025-03-10 11:17:36|INFO|Signal: BUY BUY @ 82928.580000 on BTCUSDT
2025-03-10 11:17:36|INFO|Closed buy trade: Entry=82928.580000, Exit=82948.270000, PROFIT=0.02%, Reason=trend_reversal
2025-03-10 11:17:36|INFO|Signal: CLOSE @ 82948.270000 (trend_reversal) on BTCUSDT
2025-03-10 11:17:36|INFO|Opened buy trade at 82952.810000 (Stop: 82272.907186, Target: 84652.567035, RR: 2.5)
2025-03-10 11:17:36|INFO|Signal: BUY BUY @ 82952.810000 on BTCUSDT
2025-03-10 11:17:37|INFO|Closed buy trade: Entry=82952.810000, Exit=82969.230000, PROFIT=0.02%, Reason=trend_reversal
2025-03-10 11:17:37|INFO|Signal: CLOSE @ 82969.230000 (trend_reversal) on BTCUSDT
2025-03-10 11:17:39|INFO|Opened buy trade at 82939.680000 (Stop: 81984.680424, Target: 85327.178940, RR: 2.5)
2025-03-10 11:17:39|INFO|Signal: BUY BUY @ 82939.680000 on BTCUSDT
2025-03-10 11:17:39|INFO|Closed buy trade: Entry=82939.680000, Exit=82946.180000, PROFIT=0.01%, Reason=trend_reversal
2025-03-10 11:17:39|INFO|Signal: CLOSE @ 82946.180000 (trend_reversal) on BTCUSDT
2025-03-10 11:17:39|INFO|Opened buy trade at 82936.120000 (Stop: 81923.294269, Target: 85468.184327, RR: 2.5)
2025-03-10 11:17:39|INFO|Signal: BUY BUY @ 82936.120000 on BTCUSDT
2025-03-10 11:17:39|INFO|Closed buy trade: Entry=82936.120000, Exit=82968.780000, PROFIT=0.04%, Reason=trend_reversal
2025-03-10 11:17:39|INFO|Signal: CLOSE @ 82968.780000 (trend_reversal) on BTCUSDT
2025-03-10 11:17:41|INFO|Opened buy trade at 82960.740000 (Stop: 82175.833595, Target: 84923.006013, RR: 2.5)
2025-03-10 11:17:41|INFO|Signal: BUY BUY @ 82960.740000 on BTCUSDT
2025-03-10 11:17:41|INFO|Closed buy trade: Entry=82960.740000, Exit=82955.380000, LOSS=-0.01%, Reason=trend_reversal
2025-03-10 11:17:41|INFO|Signal: CLOSE @ 82955.380000 (trend_reversal) on BTCUSDT
2025-03-10 11:17:43|INFO|Opened buy trade at 82905.990000 (Stop: 82142.015991, Target: 84815.925022, RR: 2.5)
2025-03-10 11:17:43|INFO|Signal: BUY BUY @ 82905.990000 on BTCUSDT
2025-03-10 11:17:43|INFO|Closed buy trade: Entry=82905.990000, Exit=82904.010000, LOSS=-0.00%, Reason=trend_reversal
2025-03-10 11:17:43|INFO|Signal: CLOSE @ 82904.010000 (trend_reversal) on BTCUSDT
2025-03-10 11:17:44|INFO|Opened buy trade at 82907.870000 (Stop: 82192.047774, Target: 84697.425566, RR: 2.5)
2025-03-10 11:17:44|INFO|Signal: BUY BUY @ 82907.870000 on BTCUSDT
2025-03-10 11:17:44|INFO|Closed buy trade: Entry=82907.870000, Exit=82925.180000, PROFIT=0.02%, Reason=trend_reversal
2025-03-10 11:17:44|INFO|Signal: CLOSE @ 82925.180000 (trend_reversal) on BTCUSDT
2025-03-10 11:17:46|INFO|Opened buy trade at 82943.860000 (Stop: 82392.087015, Target: 84323.292464, RR: 2.5)
2025-03-10 11:17:46|INFO|Signal: BUY BUY @ 82943.860000 on BTCUSDT
2025-03-10 11:17:46|INFO|Closed buy trade: Entry=82943.860000, Exit=82970.010000, PROFIT=0.03%, Reason=trend_reversal
2025-03-10 11:17:46|INFO|Signal: CLOSE @ 82970.010000 (trend_reversal) on BTCUSDT
2025-03-10 11:17:46|INFO|Opened buy trade at 82973.250000 (Stop: 82314.089027, Target: 84621.152433, RR: 2.5)
2025-03-10 11:17:46|INFO|Signal: BUY BUY @ 82973.250000 on BTCUSDT
2025-03-10 11:17:46|INFO|Closed buy trade: Entry=82973.250000, Exit=82968.950000, LOSS=-0.01%, Reason=trend_reversal
2025-03-10 11:17:46|INFO|Signal: CLOSE @ 82968.950000 (trend_reversal) on BTCUSDT
2025-03-10 11:17:49|INFO|Opened buy trade at 82889.870000 (Stop: 82393.178144, Target: 84131.599640, RR: 2.5)
2025-03-10 11:17:49|INFO|Signal: BUY BUY @ 82889.870000 on BTCUSDT
2025-03-10 11:17:49|INFO|Closed buy trade: Entry=82889.870000, Exit=82884.770000, LOSS=-0.01%, Reason=trend_reversal
2025-03-10 11:17:49|INFO|Signal: CLOSE @ 82884.770000 (trend_reversal) on BTCUSDT
2025-03-10 11:17:49|INFO|Opened buy trade at 82889.880000 (Stop: 82379.409626, Target: 84166.055934, RR: 2.5)
2025-03-10 11:17:49|INFO|Signal: BUY BUY @ 82889.880000 on BTCUSDT
2025-03-10 11:17:50|INFO|Closed buy trade: Entry=82889.880000, Exit=82930.240000, PROFIT=0.05%, Reason=trend_reversal
2025-03-10 11:17:50|INFO|Signal: CLOSE @ 82930.240000 (trend_reversal) on BTCUSDT
2025-03-10 11:17:51|INFO|Opened buy trade at 82931.390000 (Stop: 82199.046319, Target: 84762.249202, RR: 2.5)
2025-03-10 11:17:51|INFO|Signal: BUY BUY @ 82931.390000 on BTCUSDT
2025-03-10 11:17:51|INFO|Closed buy trade: Entry=82931.390000, Exit=82930.930000, LOSS=-0.00%, Reason=trend_reversal
2025-03-10 11:17:51|INFO|Signal: CLOSE @ 82930.930000 (trend_reversal) on BTCUSDT
2025-03-10 11:17:51|INFO|Opened buy trade at 82940.000000 (Stop: 82158.194949, Target: 84894.512627, RR: 2.5)
2025-03-10 11:17:51|INFO|Signal: BUY BUY @ 82940.000000 on BTCUSDT
2025-03-10 11:17:53|INFO|Closed buy trade: Entry=82940.000000, Exit=83005.630000, PROFIT=0.08%, Reason=trend_reversal
2025-03-10 11:17:53|INFO|Signal: CLOSE @ 83005.630000 (trend_reversal) on BTCUSDT
2025-03-10 11:17:55|INFO|Opened buy trade at 82903.980000 (Stop: 82421.689453, Target: 84109.706368, RR: 2.5)
2025-03-10 11:17:55|INFO|Signal: BUY BUY @ 82903.980000 on BTCUSDT
2025-03-10 11:17:55|INFO|Closed buy trade: Entry=82903.980000, Exit=82911.090000, PROFIT=0.01%, Reason=trend_reversal
2025-03-10 11:17:55|INFO|Signal: CLOSE @ 82911.090000 (trend_reversal) on BTCUSDT
2025-03-10 11:17:56|INFO|Opened buy trade at 82920.000000 (Stop: 82295.175508, Target: 84482.061231, RR: 2.5)
2025-03-10 11:17:56|INFO|Signal: BUY BUY @ 82920.000000 on BTCUSDT
2025-03-10 11:17:56|INFO|Closed buy trade: Entry=82920.000000, Exit=82918.720000, LOSS=-0.00%, Reason=trend_reversal
2025-03-10 11:17:56|INFO|Signal: CLOSE @ 82918.720000 (trend_reversal) on BTCUSDT
2025-03-10 11:17:57|INFO|Opened buy trade at 82915.980000 (Stop: 82240.192079, Target: 84605.449803, RR: 2.5)
2025-03-10 11:17:57|INFO|Signal: BUY BUY @ 82915.980000 on BTCUSDT
2025-03-10 11:17:57|INFO|Closed buy trade: Entry=82915.980000, Exit=82911.580000, LOSS=-0.01%, Reason=trend_reversal
2025-03-10 11:17:57|INFO|Signal: CLOSE @ 82911.580000 (trend_reversal) on BTCUSDT
2025-03-10 11:17:58|INFO|Opened buy trade at 82887.980000 (Stop: 82252.464282, Target: 84476.769296, RR: 2.5)
2025-03-10 11:17:58|INFO|Signal: BUY BUY @ 82887.980000 on BTCUSDT
2025-03-10 11:17:59|INFO|Closed buy trade: Entry=82887.980000, Exit=82897.020000, PROFIT=0.01%, Reason=trend_reversal
2025-03-10 11:17:59|INFO|Signal: CLOSE @ 82897.020000 (trend_reversal) on BTCUSDT
2025-03-10 11:17:59|INFO|Opened buy trade at 82899.270000 (Stop: 82226.612621, Target: 84580.913449, RR: 2.5)
2025-03-10 11:17:59|INFO|Signal: BUY BUY @ 82899.270000 on BTCUSDT
2025-03-10 11:18:01|INFO|Closed buy trade: Entry=82899.270000, Exit=83001.600000, PROFIT=0.12%, Reason=trend_reversal
2025-03-10 11:18:01|INFO|Signal: CLOSE @ 83001.600000 (trend_reversal) on BTCUSDT
2025-03-10 11:18:01|INFO|Opened buy trade at 82978.230000 (Stop: 82135.801325, Target: 85084.301686, RR: 2.5)
2025-03-10 11:18:01|INFO|Signal: BUY BUY @ 82978.230000 on BTCUSDT
2025-03-10 11:18:02|INFO|Closed buy trade: Entry=82978.230000, Exit=83012.010000, PROFIT=0.04%, Reason=trend_reversal
2025-03-10 11:18:02|INFO|Signal: CLOSE @ 83012.010000 (trend_reversal) on BTCUSDT
2025-03-10 11:18:05|INFO|Opened buy trade at 83128.350000 (Stop: 82541.024146, Target: 84596.664634, RR: 2.5)
2025-03-10 11:18:05|INFO|Signal: BUY BUY @ 83128.350000 on BTCUSDT
2025-03-10 11:18:06|INFO|Closed buy trade: Entry=83128.350000, Exit=83145.420000, PROFIT=0.02%, Reason=trend_reversal
2025-03-10 11:18:06|INFO|Signal: CLOSE @ 83145.420000 (trend_reversal) on BTCUSDT
2025-03-10 11:18:08|INFO|Opened buy trade at 83166.000000 (Stop: 82631.400228, Target: 84502.499431, RR: 2.5)
2025-03-10 11:18:08|INFO|Signal: BUY BUY @ 83166.000000 on BTCUSDT
2025-03-10 11:18:09|INFO|Closed buy trade: Entry=83166.000000, Exit=83182.930000, PROFIT=0.02%, Reason=trend_reversal
2025-03-10 11:18:09|INFO|Signal: CLOSE @ 83182.930000 (trend_reversal) on BTCUSDT
2025-03-10 11:18:11|INFO|Opened buy trade at 83253.190000 (Stop: 82240.678281, Target: 85784.469297, RR: 2.5)
2025-03-10 11:18:11|INFO|Signal: BUY BUY @ 83253.190000 on BTCUSDT
2025-03-10 11:18:11|INFO|Closed buy trade: Entry=83253.190000, Exit=83250.750000, LOSS=-0.00%, Reason=trend_reversal
2025-03-10 11:18:11|INFO|Signal: CLOSE @ 83250.750000 (trend_reversal) on BTCUSDT
2025-03-10 11:18:14|INFO|Opened buy trade at 83374.810000 (Stop: 82811.620536, Target: 84782.783660, RR: 2.5)
2025-03-10 11:18:14|INFO|Signal: BUY BUY @ 83374.810000 on BTCUSDT
2025-03-10 11:18:14|INFO|Closed buy trade: Entry=83374.810000, Exit=83376.500000, PROFIT=0.00%, Reason=trend_reversal
2025-03-10 11:18:14|INFO|Signal: CLOSE @ 83376.500000 (trend_reversal) on BTCUSDT
2025-03-10 11:18:14|INFO|Opened buy trade at 83375.990000 (Stop: 82593.042238, Target: 85333.359405, RR: 2.5)
2025-03-10 11:18:14|INFO|Signal: BUY BUY @ 83375.990000 on BTCUSDT
2025-03-10 11:18:15|INFO|Closed buy trade: Entry=83375.990000, Exit=83382.920000, PROFIT=0.01%, Reason=trend_reversal
2025-03-10 11:18:15|INFO|Signal: CLOSE @ 83382.920000 (trend_reversal) on BTCUSDT
2025-03-10 11:18:15|INFO|Opened buy trade at 83398.100000 (Stop: 82363.590781, Target: 85984.373047, RR: 2.5)
2025-03-10 11:18:15|INFO|Signal: BUY BUY @ 83398.100000 on BTCUSDT
2025-03-10 11:18:15|INFO|Closed buy trade: Entry=83398.100000, Exit=83398.100000, LOSS=0.00%, Reason=trend_reversal
2025-03-10 11:18:15|INFO|Signal: CLOSE @ 83398.100000 (trend_reversal) on BTCUSDT
2025-03-10 11:18:16|INFO|Opened buy trade at 83276.000000 (Stop: 82066.768859, Target: 86299.077851, RR: 2.5)
2025-03-10 11:18:16|INFO|Signal: BUY BUY @ 83276.000000 on BTCUSDT
2025-03-10 11:18:16|INFO|Closed buy trade: Entry=83276.000000, Exit=83289.830000, PROFIT=0.02%, Reason=trend_reversal
2025-03-10 11:18:16|INFO|Signal: CLOSE @ 83289.830000 (trend_reversal) on BTCUSDT
2025-03-10 11:18:16|INFO|Opened buy trade at 83270.290000 (Stop: 82548.076451, Target: 85075.823872, RR: 2.5)
2025-03-10 11:18:16|INFO|Signal: BUY BUY @ 83270.290000 on BTCUSDT
2025-03-10 11:18:16|INFO|Closed buy trade: Entry=83270.290000, Exit=83271.600000, PROFIT=0.00%, Reason=trend_reversal
2025-03-10 11:18:16|INFO|Signal: CLOSE @ 83271.600000 (trend_reversal) on BTCUSDT
2025-03-10 11:18:17|INFO|Opened buy trade at 83196.010000 (Stop: 82346.682086, Target: 85319.329785, RR: 2.5)
2025-03-10 11:18:17|INFO|Signal: BUY BUY @ 83196.010000 on BTCUSDT
2025-03-10 11:18:18|INFO|Closed buy trade: Entry=83196.010000, Exit=83222.040000, PROFIT=0.03%, Reason=trend_reversal
2025-03-10 11:18:18|INFO|Signal: CLOSE @ 83222.040000 (trend_reversal) on BTCUSDT
2025-03-10 11:18:18|INFO|Opened buy trade at 83221.880000 (Stop: 82471.217956, Target: 85098.535111, RR: 2.5)
2025-03-10 11:18:18|INFO|Signal: BUY BUY @ 83221.880000 on BTCUSDT
2025-03-10 11:18:18|INFO|Closed buy trade: Entry=83221.880000, Exit=83216.550000, LOSS=-0.01%, Reason=trend_reversal
2025-03-10 11:18:18|INFO|Signal: CLOSE @ 83216.550000 (trend_reversal) on BTCUSDT
2025-03-10 11:18:22|INFO|Opened buy trade at 83127.080000 (Stop: 82725.213730, Target: 84131.745675, RR: 2.5)
2025-03-10 11:18:22|INFO|Signal: BUY BUY @ 83127.080000 on BTCUSDT
2025-03-10 11:18:22|INFO|Closed buy trade: Entry=83127.080000, Exit=83146.800000, PROFIT=0.02%, Reason=trend_reversal
2025-03-10 11:18:22|INFO|Signal: CLOSE @ 83146.800000 (trend_reversal) on BTCUSDT
2025-03-10 11:18:23|INFO|Opened buy trade at 83127.990000 (Stop: 82670.329322, Target: 84272.141696, RR: 2.5)
2025-03-10 11:18:23|INFO|Signal: BUY BUY @ 83127.990000 on BTCUSDT
2025-03-10 11:18:23|INFO|Closed buy trade: Entry=83127.990000, Exit=83131.110000, PROFIT=0.00%, Reason=trend_reversal
2025-03-10 11:18:23|INFO|Signal: CLOSE @ 83131.110000 (trend_reversal) on BTCUSDT
2025-03-10 11:18:23|INFO|Opened buy trade at 83138.920000 (Stop: 82689.993825, Target: 84261.235438, RR: 2.5)
2025-03-10 11:18:23|INFO|Signal: BUY BUY @ 83138.920000 on BTCUSDT
2025-03-10 11:18:24|INFO|Closed buy trade: Entry=83138.920000, Exit=83136.390000, LOSS=-0.00%, Reason=trend_reversal
2025-03-10 11:18:24|INFO|Signal: CLOSE @ 83136.390000 (trend_reversal) on BTCUSDT
2025-03-10 11:18:27|INFO|Opened buy trade at 83234.200000 (Stop: 80798.065021, Target: 89324.537447, RR: 2.5)
2025-03-10 11:18:27|INFO|Signal: BUY BUY @ 83234.200000 on BTCUSDT
2025-03-10 11:18:27|INFO|Closed buy trade: Entry=83234.200000, Exit=83253.700000, PROFIT=0.02%, Reason=trend_reversal
2025-03-10 11:18:27|INFO|Signal: CLOSE @ 83253.700000 (trend_reversal) on BTCUSDT
2025-03-10 11:18:29|INFO|Opened buy trade at 83231.140000 (Stop: 81938.868943, Target: 86461.817643, RR: 2.5)
2025-03-10 11:18:29|INFO|Signal: BUY BUY @ 83231.140000 on BTCUSDT
2025-03-10 11:18:29|INFO|Closed buy trade: Entry=83231.140000, Exit=83256.780000, PROFIT=0.03%, Reason=trend_reversal
2025-03-10 11:18:29|INFO|Signal: CLOSE @ 83256.780000 (trend_reversal) on BTCUSDT
2025-03-10 11:18:31|INFO|Opened buy trade at 83178.000000 (Stop: 82579.565211, Target: 84674.086973, RR: 2.5)
2025-03-10 11:18:31|INFO|Signal: BUY BUY @ 83178.000000 on BTCUSDT
2025-03-10 11:18:31|INFO|Closed buy trade: Entry=83178.000000, Exit=83180.010000, PROFIT=0.00%, Reason=trend_reversal
2025-03-10 11:18:31|INFO|Signal: CLOSE @ 83180.010000 (trend_reversal) on BTCUSDT
2025-03-10 11:18:31|INFO|Opened buy trade at 83182.170000 (Stop: 82602.348947, Target: 84631.722632, RR: 2.5)
2025-03-10 11:18:31|INFO|Signal: BUY BUY @ 83182.170000 on BTCUSDT
2025-03-10 11:18:31|INFO|Closed buy trade: Entry=83182.170000, Exit=83196.670000, PROFIT=0.02%, Reason=trend_reversal
2025-03-10 11:18:31|INFO|Signal: CLOSE @ 83196.670000 (trend_reversal) on BTCUSDT
2025-03-10 11:18:33|INFO|Opened buy trade at 83203.990000 (Stop: 82759.784549, Target: 84314.503629, RR: 2.5)
2025-03-10 11:18:33|INFO|Signal: BUY BUY @ 83203.990000 on BTCUSDT
2025-03-10 11:18:34|INFO|Closed buy trade: Entry=83203.990000, Exit=83210.860000, PROFIT=0.01%, Reason=trend_reversal
2025-03-10 11:18:34|INFO|Signal: CLOSE @ 83210.860000 (trend_reversal) on BTCUSDT
2025-03-10 11:18:34|INFO|Opened buy trade at 83198.110000 (Stop: 82711.225971, Target: 84415.320072, RR: 2.5)
2025-03-10 11:18:34|INFO|Signal: BUY BUY @ 83198.110000 on BTCUSDT
2025-03-10 11:18:34|INFO|Closed buy trade: Entry=83198.110000, Exit=83200.170000, PROFIT=0.00%, Reason=trend_reversal
2025-03-10 11:18:34|INFO|Signal: CLOSE @ 83200.170000 (trend_reversal) on BTCUSDT
2025-03-10 11:18:35|INFO|Opened buy trade at 83194.340000 (Stop: 82673.720566, Target: 84495.888585, RR: 2.5)
2025-03-10 11:18:35|INFO|Signal: BUY BUY @ 83194.340000 on BTCUSDT
2025-03-10 11:18:35|INFO|Closed buy trade: Entry=83194.340000, Exit=83231.950000, PROFIT=0.05%, Reason=trend_reversal
2025-03-10 11:18:35|INFO|Signal: CLOSE @ 83231.950000 (trend_reversal) on BTCUSDT
2025-03-10 11:18:37|INFO|Opened buy trade at 83142.440000 (Stop: 82463.420205, Target: 84839.989487, RR: 2.5)
2025-03-10 11:18:37|INFO|Signal: BUY BUY @ 83142.440000 on BTCUSDT
2025-03-10 11:18:38|INFO|Closed buy trade: Entry=83142.440000, Exit=83210.310000, PROFIT=0.08%, Reason=trend_reversal
2025-03-10 11:18:38|INFO|Signal: CLOSE @ 83210.310000 (trend_reversal) on BTCUSDT
2025-03-10 11:18:40|INFO|Opened buy trade at 83173.770000 (Stop: 82431.852608, Target: 85028.563481, RR: 2.5)
2025-03-10 11:18:40|INFO|Signal: BUY BUY @ 83173.770000 on BTCUSDT
2025-03-10 11:18:40|INFO|Closed buy trade: Entry=83173.770000, Exit=83172.020000, LOSS=-0.00%, Reason=trend_reversal
2025-03-10 11:18:40|INFO|Signal: CLOSE @ 83172.020000 (trend_reversal) on BTCUSDT
2025-03-10 11:18:41|INFO|Opened buy trade at 83111.090000 (Stop: 82335.234375, Target: 85050.729062, RR: 2.5)
2025-03-10 11:18:41|INFO|Signal: BUY BUY @ 83111.090000 on BTCUSDT
2025-03-10 11:18:42|INFO|Closed buy trade: Entry=83111.090000, Exit=83180.180000, PROFIT=0.08%, Reason=trend_reversal
2025-03-10 11:18:42|INFO|Signal: CLOSE @ 83180.180000 (trend_reversal) on BTCUSDT
2025-03-10 11:18:44|INFO|Opened buy trade at 83132.330000 (Stop: 82489.394875, Target: 84739.667813, RR: 2.5)
2025-03-10 11:18:44|INFO|Signal: BUY BUY @ 83132.330000 on BTCUSDT
2025-03-10 11:18:44|INFO|Closed buy trade: Entry=83132.330000, Exit=83169.480000, PROFIT=0.04%, Reason=trend_reversal
2025-03-10 11:18:44|INFO|Signal: CLOSE @ 83169.480000 (trend_reversal) on BTCUSDT
2025-03-10 11:18:45|INFO|Opened buy trade at 83126.760000 (Stop: 82625.262799, Target: 84380.503001, RR: 2.5)
2025-03-10 11:18:45|INFO|Signal: BUY BUY @ 83126.760000 on BTCUSDT
2025-03-10 11:18:45|INFO|Closed buy trade: Entry=83126.760000, Exit=83149.670000, PROFIT=0.03%, Reason=trend_reversal
2025-03-10 11:18:45|INFO|Signal: CLOSE @ 83149.670000 (trend_reversal) on BTCUSDT
2025-03-10 11:18:46|INFO|Opened buy trade at 83128.940000 (Stop: 82601.736799, Target: 84446.948004, RR: 2.5)
2025-03-10 11:18:46|INFO|Signal: BUY BUY @ 83128.940000 on BTCUSDT
2025-03-10 11:18:47|INFO|Closed buy trade: Entry=83128.940000, Exit=83127.980000, LOSS=-0.00%, Reason=trend_reversal
2025-03-10 11:18:47|INFO|Signal: CLOSE @ 83127.980000 (trend_reversal) on BTCUSDT
2025-03-10 11:18:48|INFO|Opened buy trade at 83091.990000 (Stop: 82649.193839, Target: 84198.980402, RR: 2.5)
2025-03-10 11:18:48|INFO|Signal: BUY BUY @ 83091.990000 on BTCUSDT
2025-03-10 11:18:48|INFO|Closed buy trade: Entry=83091.990000, Exit=83116.350000, PROFIT=0.03%, Reason=trend_reversal
2025-03-10 11:18:48|INFO|Signal: CLOSE @ 83116.350000 (trend_reversal) on BTCUSDT
2025-03-10 11:18:48|INFO|Opened buy trade at 83111.990000 (Stop: 82587.647960, Target: 84422.845099, RR: 2.5)
2025-03-10 11:18:48|INFO|Signal: BUY BUY @ 83111.990000 on BTCUSDT
2025-03-10 11:18:50|INFO|Closed buy trade: Entry=83111.990000, Exit=83185.140000, PROFIT=0.09%, Reason=trend_reversal
2025-03-10 11:18:50|INFO|Signal: CLOSE @ 83185.140000 (trend_reversal) on BTCUSDT
2025-03-10 11:18:50|INFO|Opened buy trade at 83139.990000 (Stop: 82545.427055, Target: 84626.397363, RR: 2.5)
2025-03-10 11:18:50|INFO|Signal: BUY BUY @ 83139.990000 on BTCUSDT
2025-03-10 11:18:51|INFO|Closed buy trade: Entry=83139.990000, Exit=83174.020000, PROFIT=0.04%, Reason=trend_reversal
2025-03-10 11:18:51|INFO|Signal: CLOSE @ 83174.020000 (trend_reversal) on BTCUSDT
2025-03-10 11:18:55|INFO|Opened buy trade at 83142.910000 (Stop: 82589.915143, Target: 84525.397142, RR: 2.5)
2025-03-10 11:18:55|INFO|Signal: BUY BUY @ 83142.910000 on BTCUSDT
2025-03-10 11:18:55|INFO|Closed buy trade: Entry=83142.910000, Exit=83138.740000, LOSS=-0.01%, Reason=trend_reversal
2025-03-10 11:18:55|INFO|Signal: CLOSE @ 83138.740000 (trend_reversal) on BTCUSDT
2025-03-10 11:18:56|INFO|Opened buy trade at 83127.270000 (Stop: 82561.714457, Target: 84541.158856, RR: 2.5)
2025-03-10 11:18:56|INFO|Signal: BUY BUY @ 83127.270000 on BTCUSDT
2025-03-10 11:18:56|INFO|Closed buy trade: Entry=83127.270000, Exit=83145.280000, PROFIT=0.02%, Reason=trend_reversal
2025-03-10 11:18:56|INFO|Signal: CLOSE @ 83145.280000 (trend_reversal) on BTCUSDT
2025-03-10 11:18:56|INFO|Opened buy trade at 83125.980000 (Stop: 82494.138212, Target: 84705.584470, RR: 2.5)
2025-03-10 11:18:56|INFO|Signal: BUY BUY @ 83125.980000 on BTCUSDT
2025-03-10 11:18:56|INFO|Closed buy trade: Entry=83125.980000, Exit=83123.050000, LOSS=-0.00%, Reason=trend_reversal
2025-03-10 11:18:56|INFO|Signal: CLOSE @ 83123.050000 (trend_reversal) on BTCUSDT
2025-03-10 11:18:58|INFO|Opened buy trade at 83106.390000 (Stop: 82456.107976, Target: 84732.095060, RR: 2.5)
2025-03-10 11:18:58|INFO|Signal: BUY BUY @ 83106.390000 on BTCUSDT
2025-03-10 11:18:58|INFO|Closed buy trade: Entry=83106.390000, Exit=83099.210000, LOSS=-0.01%, Reason=trend_reversal
2025-03-10 11:18:58|INFO|Signal: CLOSE @ 83099.210000 (trend_reversal) on BTCUSDT
2025-03-10 11:18:58|INFO|Opened buy trade at 83097.630000 (Stop: 82406.492603, Target: 84825.473491, RR: 2.5)
2025-03-10 11:18:58|INFO|Signal: BUY BUY @ 83097.630000 on BTCUSDT
2025-03-10 11:18:59|INFO|Closed buy trade: Entry=83097.630000, Exit=83147.410000, PROFIT=0.06%, Reason=trend_reversal
2025-03-10 11:18:59|INFO|Signal: CLOSE @ 83147.410000 (trend_reversal) on BTCUSDT
2025-03-10 11:19:00|INFO|Opened buy trade at 83098.230000 (Stop: 82495.271809, Target: 84605.625476, RR: 2.5)
2025-03-10 11:19:00|INFO|Signal: BUY BUY @ 83098.230000 on BTCUSDT
2025-03-10 11:19:00|INFO|Closed buy trade: Entry=83098.230000, Exit=83094.240000, LOSS=-0.00%, Reason=trend_reversal
2025-03-10 11:19:00|INFO|Signal: CLOSE @ 83094.240000 (trend_reversal) on BTCUSDT
2025-03-10 11:19:00|INFO|Opened buy trade at 83082.000000 (Stop: 82463.779056, Target: 84627.552360, RR: 2.5)
2025-03-10 11:19:00|INFO|Signal: BUY BUY @ 83082.000000 on BTCUSDT
2025-03-10 11:19:01|INFO|Closed buy trade: Entry=83082.000000, Exit=83082.000000, LOSS=0.00%, Reason=trend_reversal
2025-03-10 11:19:01|INFO|Signal: CLOSE @ 83082.000000 (trend_reversal) on BTCUSDT
2025-03-10 11:19:03|INFO|Opened buy trade at 83039.350000 (Stop: 82645.228058, Target: 84024.654854, RR: 2.5)
2025-03-10 11:19:03|INFO|Signal: BUY BUY @ 83039.350000 on BTCUSDT
2025-03-10 11:19:03|INFO|Closed buy trade: Entry=83039.350000, Exit=83035.440000, LOSS=-0.00%, Reason=trend_reversal
2025-03-10 11:19:03|INFO|Signal: CLOSE @ 83035.440000 (trend_reversal) on BTCUSDT
2025-03-10 11:19:03|INFO|Opened buy trade at 83018.810000 (Stop: 82546.614828, Target: 84199.297930, RR: 2.5)
2025-03-10 11:19:03|INFO|Signal: BUY BUY @ 83018.810000 on BTCUSDT
2025-03-10 11:19:04|INFO|Closed buy trade: Entry=83018.810000, Exit=83062.300000, PROFIT=0.05%, Reason=trend_reversal
2025-03-10 11:19:04|INFO|Signal: CLOSE @ 83062.300000 (trend_reversal) on BTCUSDT
2025-03-10 11:19:05|INFO|Opened buy trade at 83030.450000 (Stop: 82234.453309, Target: 85020.441728, RR: 2.5)
2025-03-10 11:19:05|INFO|Signal: BUY BUY @ 83030.450000 on BTCUSDT
2025-03-10 11:19:06|INFO|Closed buy trade: Entry=83030.450000, Exit=83069.540000, PROFIT=0.05%, Reason=trend_reversal
2025-03-10 11:19:06|INFO|Signal: CLOSE @ 83069.540000 (trend_reversal) on BTCUSDT
2025-03-10 11:19:07|INFO|Opened buy trade at 82973.590000 (Stop: 82525.111886, Target: 84094.785284, RR: 2.5)
2025-03-10 11:19:07|INFO|Signal: BUY BUY @ 82973.590000 on BTCUSDT
2025-03-10 11:19:07|INFO|Closed buy trade: Entry=82973.590000, Exit=83004.670000, PROFIT=0.04%, Reason=trend_reversal
2025-03-10 11:19:07|INFO|Signal: CLOSE @ 83004.670000 (trend_reversal) on BTCUSDT
2025-03-10 11:19:13|INFO|Opened buy trade at 83049.880000 (Stop: 82469.380329, Target: 84501.129178, RR: 2.5)
2025-03-10 11:19:13|INFO|Signal: BUY BUY @ 83049.880000 on BTCUSDT
2025-03-10 11:19:13|INFO|Closed buy trade: Entry=83049.880000, Exit=83070.120000, PROFIT=0.02%, Reason=trend_reversal
2025-03-10 11:19:13|INFO|Signal: CLOSE @ 83070.120000 (trend_reversal) on BTCUSDT
2025-03-10 11:19:15|INFO|Opened buy trade at 83049.980000 (Stop: 82417.965425, Target: 84630.016437, RR: 2.5)
2025-03-10 11:19:15|INFO|Signal: BUY BUY @ 83049.980000 on BTCUSDT
2025-03-10 11:19:15|INFO|Closed buy trade: Entry=83049.980000, Exit=83050.140000, PROFIT=0.00%, Reason=trend_reversal
2025-03-10 11:19:15|INFO|Signal: CLOSE @ 83050.140000 (trend_reversal) on BTCUSDT
2025-03-10 11:19:25|INFO|Opened buy trade at 82991.810000 (Stop: 82630.548316, Target: 83894.964210, RR: 2.5)
2025-03-10 11:19:25|INFO|Signal: BUY BUY @ 82991.810000 on BTCUSDT
2025-03-10 11:19:25|INFO|Closed buy trade: Entry=82991.810000, Exit=83000.190000, PROFIT=0.01%, Reason=trend_reversal
2025-03-10 11:19:25|INFO|Signal: CLOSE @ 83000.190000 (trend_reversal) on BTCUSDT
2025-03-10 11:19:32|INFO|Opened buy trade at 83045.270000 (Stop: 82575.135411, Target: 84220.606473, RR: 2.5)
2025-03-10 11:19:32|INFO|Signal: BUY BUY @ 83045.270000 on BTCUSDT
2025-03-10 11:19:32|INFO|Closed buy trade: Entry=83045.270000, Exit=83050.510000, PROFIT=0.01%, Reason=trend_reversal
2025-03-10 11:19:32|INFO|Signal: CLOSE @ 83050.510000 (trend_reversal) on BTCUSDT
2025-03-10 11:19:34|INFO|Opened buy trade at 83020.000000 (Stop: 82339.188338, Target: 84722.029156, RR: 2.5)
2025-03-10 11:19:34|INFO|Signal: BUY BUY @ 83020.000000 on BTCUSDT
2025-03-10 11:19:34|INFO|Closed buy trade: Entry=83020.000000, Exit=83026.690000, PROFIT=0.01%, Reason=trend_reversal
2025-03-10 11:19:34|INFO|Signal: CLOSE @ 83026.690000 (trend_reversal) on BTCUSDT
2025-03-10 11:19:38|INFO|Opened buy trade at 83025.060000 (Stop: 82608.945881, Target: 84065.345298, RR: 2.5)
2025-03-10 11:19:38|INFO|Signal: BUY BUY @ 83025.060000 on BTCUSDT
2025-03-10 11:19:38|INFO|Closed buy trade: Entry=83025.060000, Exit=83040.010000, PROFIT=0.02%, Reason=trend_reversal
2025-03-10 11:19:38|INFO|Signal: CLOSE @ 83040.010000 (trend_reversal) on BTCUSDT
2025-03-10 11:19:42|INFO|Opened buy trade at 83010.490000 (Stop: 82596.302218, Target: 84045.959455, RR: 2.5)
2025-03-10 11:19:42|INFO|Signal: BUY BUY @ 83010.490000 on BTCUSDT
2025-03-10 11:19:44|INFO|Closed buy trade: Entry=83010.490000, Exit=83038.330000, PROFIT=0.03%, Reason=trend_reversal
2025-03-10 11:19:44|INFO|Signal: CLOSE @ 83038.330000 (trend_reversal) on BTCUSDT
2025-03-10 11:20:04|INFO|Opened buy trade at 83118.740000 (Stop: 82748.948661, Target: 84043.218348, RR: 2.5)
2025-03-10 11:20:04|INFO|Signal: BUY BUY @ 83118.740000 on BTCUSDT
2025-03-10 11:20:04|INFO|Closed buy trade: Entry=83118.740000, Exit=83118.600000, LOSS=-0.00%, Reason=trend_reversal
2025-03-10 11:20:04|INFO|Signal: CLOSE @ 83118.600000 (trend_reversal) on BTCUSDT
2025-03-10 11:20:59|INFO|Opened buy trade at 83164.280000 (Stop: 82326.489366, Target: 85258.756585, RR: 2.5)
2025-03-10 11:20:59|INFO|Signal: BUY BUY @ 83164.280000 on BTCUSDT
2025-03-10 11:20:59|INFO|Closed buy trade: Entry=83164.280000, Exit=83160.010000, LOSS=-0.01%, Reason=trend_reversal
2025-03-10 11:20:59|INFO|Signal: CLOSE @ 83160.010000 (trend_reversal) on BTCUSDT
2025-03-10 11:21:02|INFO|Opened buy trade at 83161.000000 (Stop: 81892.198596, Target: 86333.003511, RR: 2.5)
2025-03-10 11:21:02|INFO|Signal: BUY BUY @ 83161.000000 on BTCUSDT
2025-03-10 11:21:02|INFO|Closed buy trade: Entry=83161.000000, Exit=83159.230000, LOSS=-0.00%, Reason=trend_reversal
2025-03-10 11:21:02|INFO|Signal: CLOSE @ 83159.230000 (trend_reversal) on BTCUSDT
2025-03-10 11:21:08|INFO|Opened buy trade at 83096.000000 (Stop: 82541.566059, Target: 84482.084852, RR: 2.5)
2025-03-10 11:21:08|INFO|Signal: BUY BUY @ 83096.000000 on BTCUSDT
2025-03-10 11:21:08|INFO|Closed buy trade: Entry=83096.000000, Exit=83132.010000, PROFIT=0.04%, Reason=trend_reversal
2025-03-10 11:21:08|INFO|Signal: CLOSE @ 83132.010000 (trend_reversal) on BTCUSDT
2025-03-10 11:21:11|INFO|Opened buy trade at 83122.380000 (Stop: 82291.198453, Target: 85200.333868, RR: 2.5)
2025-03-10 11:21:11|INFO|Signal: BUY BUY @ 83122.380000 on BTCUSDT
2025-03-10 11:21:13|INFO|Closed buy trade: Entry=83122.380000, Exit=83207.990000, PROFIT=0.10%, Reason=trend_reversal
2025-03-10 11:21:13|INFO|Signal: CLOSE @ 83207.990000 (trend_reversal) on BTCUSDT
2025-03-10 11:21:14|INFO|Opened buy trade at 83176.620000 (Stop: 82675.605703, Target: 84429.155744, RR: 2.5)
2025-03-10 11:21:14|INFO|Signal: BUY BUY @ 83176.620000 on BTCUSDT
2025-03-10 11:21:14|INFO|Closed buy trade: Entry=83176.620000, Exit=83184.930000, PROFIT=0.01%, Reason=trend_reversal
2025-03-10 11:21:14|INFO|Signal: CLOSE @ 83184.930000 (trend_reversal) on BTCUSDT
2025-03-10 11:21:19|INFO|Opened buy trade at 83193.610000 (Stop: 82130.409152, Target: 85851.612121, RR: 2.5)
2025-03-10 11:21:19|INFO|Signal: BUY BUY @ 83193.610000 on BTCUSDT
2025-03-10 11:21:22|INFO|Closed buy trade: Entry=83193.610000, Exit=83198.240000, PROFIT=0.01%, Reason=trend_reversal
2025-03-10 11:21:22|INFO|Signal: CLOSE @ 83198.240000 (trend_reversal) on BTCUSDT
2025-03-10 11:21:52|INFO|Opened buy trade at 83317.730000 (Stop: 82697.246310, Target: 84868.939226, RR: 2.5)
2025-03-10 11:21:52|INFO|Signal: BUY BUY @ 83317.730000 on BTCUSDT
2025-03-10 11:21:55|INFO|Closed buy trade: Entry=83317.730000, Exit=83367.160000, PROFIT=0.06%, Reason=trend_reversal
2025-03-10 11:21:55|INFO|Signal: CLOSE @ 83367.160000 (trend_reversal) on BTCUSDT
2025-03-10 11:21:59|INFO|Opened buy trade at 83338.750000 (Stop: 82731.887072, Target: 84855.907321, RR: 2.5)
2025-03-10 11:21:59|INFO|Signal: BUY BUY @ 83338.750000 on BTCUSDT
2025-03-10 11:21:59|INFO|Closed buy trade: Entry=83338.750000, Exit=83338.760000, PROFIT=0.00%, Reason=trend_reversal
2025-03-10 11:21:59|INFO|Signal: CLOSE @ 83338.760000 (trend_reversal) on BTCUSDT
2025-03-10 11:22:00|INFO|Opened buy trade at 83288.540000 (Stop: 82635.968750, Target: 84919.968124, RR: 2.5)
2025-03-10 11:22:00|INFO|Signal: BUY BUY @ 83288.540000 on BTCUSDT
2025-03-10 11:22:00|INFO|Closed buy trade: Entry=83288.540000, Exit=83288.250000, LOSS=-0.00%, Reason=trend_reversal
2025-03-10 11:22:00|INFO|Signal: CLOSE @ 83288.250000 (trend_reversal) on BTCUSDT
2025-03-10 11:22:01|INFO|Opened buy trade at 83286.000000 (Stop: 82634.567451, Target: 84914.581372, RR: 2.5)
2025-03-10 11:22:01|INFO|Signal: BUY BUY @ 83286.000000 on BTCUSDT
2025-03-10 11:22:01|INFO|Closed buy trade: Entry=83286.000000, Exit=83286.100000, PROFIT=0.00%, Reason=trend_reversal
2025-03-10 11:22:01|INFO|Signal: CLOSE @ 83286.100000 (trend_reversal) on BTCUSDT
2025-03-10 11:22:05|INFO|Opened buy trade at 83227.990000 (Stop: 82856.268424, Target: 84157.293940, RR: 2.5)
2025-03-10 11:22:05|INFO|Signal: BUY BUY @ 83227.990000 on BTCUSDT
2025-03-10 11:22:06|INFO|Closed buy trade: Entry=83227.990000, Exit=83262.630000, PROFIT=0.04%, Reason=trend_reversal
2025-03-10 11:22:06|INFO|Signal: CLOSE @ 83262.630000 (trend_reversal) on BTCUSDT
2025-03-10 11:22:13|INFO|Opened buy trade at 83289.990000 (Stop: 82793.953908, Target: 84530.080231, RR: 2.5)
2025-03-10 11:22:13|INFO|Signal: BUY BUY @ 83289.990000 on BTCUSDT
2025-03-10 11:22:16|INFO|Closed buy trade: Entry=83289.990000, Exit=83374.520000, PROFIT=0.10%, Reason=trend_reversal
2025-03-10 11:22:16|INFO|Signal: CLOSE @ 83374.520000 (trend_reversal) on BTCUSDT
2025-03-10 11:22:18|INFO|Opened buy trade at 83370.010000 (Stop: 82880.389772, Target: 84594.060570, RR: 2.5)
2025-03-10 11:22:18|INFO|Signal: BUY BUY @ 83370.010000 on BTCUSDT
2025-03-10 11:22:19|INFO|Closed buy trade: Entry=83370.010000, Exit=83396.010000, PROFIT=0.03%, Reason=trend_reversal
2025-03-10 11:22:19|INFO|Signal: CLOSE @ 83396.010000 (trend_reversal) on BTCUSDT
2025-03-10 11:22:20|INFO|Opened buy trade at 83387.130000 (Stop: 82982.212250, Target: 84399.424375, RR: 2.5)
2025-03-10 11:22:20|INFO|Signal: BUY BUY @ 83387.130000 on BTCUSDT
2025-03-10 11:22:20|INFO|Closed buy trade: Entry=83387.130000, Exit=83389.670000, PROFIT=0.00%, Reason=trend_reversal
2025-03-10 11:22:20|INFO|Signal: CLOSE @ 83389.670000 (trend_reversal) on BTCUSDT
2025-03-10 11:22:21|INFO|Opened buy trade at 83379.990000 (Stop: 82669.527655, Target: 85156.145863, RR: 2.5)
2025-03-10 11:22:21|INFO|Signal: BUY BUY @ 83379.990000 on BTCUSDT
2025-03-10 11:22:22|INFO|Closed buy trade: Entry=83379.990000, Exit=83422.120000, PROFIT=0.05%, Reason=trend_reversal
2025-03-10 11:22:22|INFO|Signal: CLOSE @ 83422.120000 (trend_reversal) on BTCUSDT
2025-03-10 11:22:26|INFO|Opened buy trade at 83476.000000 (Stop: 82979.600634, Target: 84716.998415, RR: 2.5)
2025-03-10 11:22:26|INFO|Signal: BUY BUY @ 83476.000000 on BTCUSDT
2025-03-10 11:22:26|INFO|Closed buy trade: Entry=83476.000000, Exit=83485.000000, PROFIT=0.01%, Reason=trend_reversal
2025-03-10 11:22:26|INFO|Signal: CLOSE @ 83485.000000 (trend_reversal) on BTCUSDT
2025-03-10 11:22:30|INFO|Opened buy trade at 83532.840000 (Stop: 83125.133946, Target: 84552.105136, RR: 2.5)
2025-03-10 11:22:30|INFO|Signal: BUY BUY @ 83532.840000 on BTCUSDT
2025-03-10 11:22:30|INFO|Closed buy trade: Entry=83532.840000, Exit=83535.210000, PROFIT=0.00%, Reason=trend_reversal
2025-03-10 11:22:30|INFO|Signal: CLOSE @ 83535.210000 (trend_reversal) on BTCUSDT
2025-03-10 11:22:32|INFO|Opened buy trade at 83518.950000 (Stop: 83093.588935, Target: 84582.352663, RR: 2.5)
2025-03-10 11:22:32|INFO|Signal: BUY BUY @ 83518.950000 on BTCUSDT
2025-03-10 11:22:32|INFO|Closed buy trade: Entry=83518.950000, Exit=83522.010000, PROFIT=0.00%, Reason=trend_reversal
2025-03-10 11:22:32|INFO|Signal: CLOSE @ 83522.010000 (trend_reversal) on BTCUSDT
2025-03-10 11:22:34|INFO|Opened buy trade at 83457.110000 (Stop: 82953.184088, Target: 84716.924779, RR: 2.5)
2025-03-10 11:22:34|INFO|Signal: BUY BUY @ 83457.110000 on BTCUSDT
2025-03-10 11:22:34|INFO|Closed buy trade: Entry=83457.110000, Exit=83483.000000, PROFIT=0.03%, Reason=trend_reversal
2025-03-10 11:22:34|INFO|Signal: CLOSE @ 83483.000000 (trend_reversal) on BTCUSDT
2025-03-10 11:22:36|INFO|Opened buy trade at 83495.990000 (Stop: 82707.892123, Target: 85466.234694, RR: 2.5)
2025-03-10 11:22:36|INFO|Signal: BUY BUY @ 83495.990000 on BTCUSDT
2025-03-10 11:22:36|INFO|Closed buy trade: Entry=83495.990000, Exit=83503.410000, PROFIT=0.01%, Reason=trend_reversal
2025-03-10 11:22:36|INFO|Signal: CLOSE @ 83503.410000 (trend_reversal) on BTCUSDT
2025-03-10 11:22:37|INFO|Opened buy trade at 83486.000000 (Stop: 83092.673375, Target: 84469.316563, RR: 2.5)
2025-03-10 11:22:37|INFO|Signal: BUY BUY @ 83486.000000 on BTCUSDT
2025-03-10 11:22:37|INFO|Closed buy trade: Entry=83486.000000, Exit=83479.910000, LOSS=-0.01%, Reason=trend_reversal
2025-03-10 11:22:37|INFO|Signal: CLOSE @ 83479.910000 (trend_reversal) on BTCUSDT
2025-03-10 11:22:41|INFO|Opened buy trade at 83404.000000 (Stop: 83020.345141, Target: 84363.137148, RR: 2.5)
2025-03-10 11:22:41|INFO|Signal: BUY BUY @ 83404.000000 on BTCUSDT
2025-03-10 11:22:41|INFO|Closed buy trade: Entry=83404.000000, Exit=83408.000000, PROFIT=0.00%, Reason=trend_reversal
2025-03-10 11:22:41|INFO|Signal: CLOSE @ 83408.000000 (trend_reversal) on BTCUSDT
2025-03-10 11:22:46|INFO|Opened buy trade at 83418.620000 (Stop: 82833.974827, Target: 84880.232934, RR: 2.5)
2025-03-10 11:22:46|INFO|Signal: BUY BUY @ 83418.620000 on BTCUSDT
2025-03-10 11:22:47|INFO|Closed buy trade: Entry=83418.620000, Exit=83457.580000, PROFIT=0.05%, Reason=trend_reversal
2025-03-10 11:22:47|INFO|Signal: CLOSE @ 83457.580000 (trend_reversal) on BTCUSDT
2025-03-10 11:22:52|INFO|Opened buy trade at 83484.000000 (Stop: 82996.791788, Target: 84702.020529, RR: 2.5)
2025-03-10 11:22:52|INFO|Signal: BUY BUY @ 83484.000000 on BTCUSDT
2025-03-10 11:22:52|INFO|Closed buy trade: Entry=83484.000000, Exit=83496.020000, PROFIT=0.01%, Reason=trend_reversal
2025-03-10 11:22:52|INFO|Signal: CLOSE @ 83496.020000 (trend_reversal) on BTCUSDT
2025-03-10 11:23:07|INFO|Opened buy trade at 83440.000000 (Stop: 82946.526947, Target: 84673.682633, RR: 2.5)
2025-03-10 11:23:07|INFO|Signal: BUY BUY @ 83440.000000 on BTCUSDT
2025-03-10 11:23:07|INFO|Closed buy trade: Entry=83440.000000, Exit=83442.520000, PROFIT=0.00%, Reason=trend_reversal
2025-03-10 11:23:07|INFO|Signal: CLOSE @ 83442.520000 (trend_reversal) on BTCUSDT
2025-03-10 11:23:32|INFO|Opened buy trade at 83565.400000 (Stop: 82385.243044, Target: 86515.792389, RR: 2.5)
2025-03-10 11:23:32|INFO|Signal: BUY BUY @ 83565.400000 on BTCUSDT
2025-03-10 11:23:33|INFO|Closed buy trade: Entry=83565.400000, Exit=83566.820000, PROFIT=0.00%, Reason=trend_reversal
2025-03-10 11:23:33|INFO|Signal: CLOSE @ 83566.820000 (trend_reversal) on BTCUSDT
2025-03-10 11:23:44|INFO|Opened buy trade at 83517.990000 (Stop: 83079.478743, Target: 84614.268142, RR: 2.5)
2025-03-10 11:23:44|INFO|Signal: BUY BUY @ 83517.990000 on BTCUSDT
2025-03-10 11:23:44|INFO|Closed buy trade: Entry=83517.990000, Exit=83528.700000, PROFIT=0.01%, Reason=trend_reversal
2025-03-10 11:23:44|INFO|Signal: CLOSE @ 83528.700000 (trend_reversal) on BTCUSDT
2025-03-10 11:23:47|INFO|Opened buy trade at 83536.620000 (Stop: 83003.347409, Target: 84869.801479, RR: 2.5)
2025-03-10 11:23:47|INFO|Signal: BUY BUY @ 83536.620000 on BTCUSDT
2025-03-10 11:23:50|INFO|Closed buy trade: Entry=83536.620000, Exit=83590.780000, PROFIT=0.06%, Reason=trend_reversal
2025-03-10 11:23:50|INFO|Signal: CLOSE @ 83590.780000 (trend_reversal) on BTCUSDT
2025-03-10 11:23:53|INFO|Opened buy trade at 83641.980000 (Stop: 83255.825832, Target: 84607.365420, RR: 2.5)
2025-03-10 11:23:53|INFO|Signal: BUY BUY @ 83641.980000 on BTCUSDT
2025-03-10 11:23:54|INFO|Closed buy trade: Entry=83641.980000, Exit=83663.270000, PROFIT=0.03%, Reason=trend_reversal
2025-03-10 11:23:54|INFO|Signal: CLOSE @ 83663.270000 (trend_reversal) on BTCUSDT
2025-03-10 11:23:57|INFO|Opened buy trade at 83660.000000 (Stop: 83140.881993, Target: 84957.795018, RR: 2.5)
2025-03-10 11:23:57|INFO|Signal: BUY BUY @ 83660.000000 on BTCUSDT
2025-03-10 11:23:57|INFO|Closed buy trade: Entry=83660.000000, Exit=83659.380000, LOSS=-0.00%, Reason=trend_reversal
2025-03-10 11:23:57|INFO|Signal: CLOSE @ 83659.380000 (trend_reversal) on BTCUSDT
2025-03-10 11:23:58|INFO|Opened buy trade at 83653.850000 (Stop: 83196.438208, Target: 84797.379479, RR: 2.5)
2025-03-10 11:23:58|INFO|Signal: BUY BUY @ 83653.850000 on BTCUSDT
2025-03-10 11:23:59|INFO|Closed buy trade: Entry=83653.850000, Exit=83658.030000, PROFIT=0.00%, Reason=trend_reversal
2025-03-10 11:23:59|INFO|Signal: CLOSE @ 83658.030000 (trend_reversal) on BTCUSDT
2025-03-10 11:24:01|INFO|Opened buy trade at 83628.000000 (Stop: 83228.547558, Target: 84626.631105, RR: 2.5)
2025-03-10 11:24:01|INFO|Signal: BUY BUY @ 83628.000000 on BTCUSDT
2025-03-10 11:24:01|INFO|Closed buy trade: Entry=83628.000000, Exit=83636.360000, PROFIT=0.01%, Reason=trend_reversal
2025-03-10 11:24:01|INFO|Signal: CLOSE @ 83636.360000 (trend_reversal) on BTCUSDT
2025-03-10 11:24:09|INFO|Opened buy trade at 83732.360000 (Stop: 83320.589477, Target: 84761.786307, RR: 2.5)
2025-03-10 11:24:09|INFO|Signal: BUY BUY @ 83732.360000 on BTCUSDT
2025-03-10 11:24:09|INFO|Closed buy trade: Entry=83732.360000, Exit=83762.950000, PROFIT=0.04%, Reason=trend_reversal
2025-03-10 11:24:09|INFO|Signal: CLOSE @ 83762.950000 (trend_reversal) on BTCUSDT
2025-03-10 11:24:17|INFO|Opened buy trade at 83860.760000 (Stop: 83445.800810, Target: 84898.157976, RR: 2.5)
2025-03-10 11:24:17|INFO|Signal: BUY BUY @ 83860.760000 on BTCUSDT
2025-03-10 11:24:17|INFO|Closed buy trade: Entry=83860.760000, Exit=83862.010000, PROFIT=0.00%, Reason=trend_reversal
2025-03-10 11:24:17|INFO|Signal: CLOSE @ 83862.010000 (trend_reversal) on BTCUSDT
2025-03-10 11:24:17|INFO|Opened buy trade at 83871.670000 (Stop: 83054.257391, Target: 85915.201522, RR: 2.5)
2025-03-10 11:24:17|INFO|Signal: BUY BUY @ 83871.670000 on BTCUSDT
2025-03-10 11:24:17|INFO|Closed buy trade: Entry=83871.670000, Exit=83861.990000, LOSS=-0.01%, Reason=trend_reversal
2025-03-10 11:24:17|INFO|Signal: CLOSE @ 83861.990000 (trend_reversal) on BTCUSDT
2025-03-10 11:24:17|INFO|Opened buy trade at 83872.480000 (Stop: 82940.947338, Target: 86201.311655, RR: 2.5)
2025-03-10 11:24:17|INFO|Signal: BUY BUY @ 83872.480000 on BTCUSDT
2025-03-10 11:24:17|INFO|Closed buy trade: Entry=83872.480000, Exit=83872.830000, PROFIT=0.00%, Reason=trend_reversal
2025-03-10 11:24:17|INFO|Signal: CLOSE @ 83872.830000 (trend_reversal) on BTCUSDT
2025-03-10 11:24:19|INFO|Opened buy trade at 83884.000000 (Stop: 82754.807519, Target: 86706.981203, RR: 2.5)
2025-03-10 11:24:19|INFO|Signal: BUY BUY @ 83884.000000 on BTCUSDT
2025-03-10 11:24:19|INFO|Closed buy trade: Entry=83884.000000, Exit=83890.180000, PROFIT=0.01%, Reason=trend_reversal
2025-03-10 11:24:19|INFO|Signal: CLOSE @ 83890.180000 (trend_reversal) on BTCUSDT
2025-03-10 11:24:19|INFO|Opened buy trade at 83885.270000 (Stop: 82824.421484, Target: 86537.391290, RR: 2.5)
2025-03-10 11:24:19|INFO|Signal: BUY BUY @ 83885.270000 on BTCUSDT
2025-03-10 11:24:20|INFO|Closed buy trade: Entry=83885.270000, Exit=83951.990000, PROFIT=0.08%, Reason=trend_reversal
2025-03-10 11:24:20|INFO|Signal: CLOSE @ 83951.990000 (trend_reversal) on BTCUSDT
2025-03-10 11:24:24|INFO|Opened buy trade at 84050.370000 (Stop: 82037.183950, Target: 89083.335126, RR: 2.5)
2025-03-10 11:24:24|INFO|Signal: BUY BUY @ 84050.370000 on BTCUSDT
2025-03-10 11:24:24|INFO|Closed buy trade: Entry=84050.370000, Exit=84043.490000, LOSS=-0.01%, Reason=trend_reversal
2025-03-10 11:24:24|INFO|Signal: CLOSE @ 84043.490000 (trend_reversal) on BTCUSDT
2025-03-10 11:24:24|INFO|Opened buy trade at 84027.990000 (Stop: 81956.947284, Target: 89205.596791, RR: 2.5)
2025-03-10 11:24:24|INFO|Signal: BUY BUY @ 84027.990000 on BTCUSDT
2025-03-10 11:24:24|INFO|Closed buy trade: Entry=84027.990000, Exit=84018.120000, LOSS=-0.01%, Reason=trend_reversal
2025-03-10 11:24:24|INFO|Signal: CLOSE @ 84018.120000 (trend_reversal) on BTCUSDT
2025-03-10 11:24:25|INFO|Opened buy trade at 84025.550000 (Stop: 83179.189737, Target: 86141.450658, RR: 2.5)
2025-03-10 11:24:25|INFO|Signal: BUY BUY @ 84025.550000 on BTCUSDT
2025-03-10 11:24:25|INFO|Closed buy trade: Entry=84025.550000, Exit=84020.990000, LOSS=-0.01%, Reason=trend_reversal
2025-03-10 11:24:25|INFO|Signal: CLOSE @ 84020.990000 (trend_reversal) on BTCUSDT
2025-03-10 11:24:33|INFO|Opened buy trade at 83714.410000 (Stop: 83178.313672, Target: 85054.650820, RR: 2.5)
2025-03-10 11:24:33|INFO|Signal: BUY BUY @ 83714.410000 on BTCUSDT
2025-03-10 11:24:33|INFO|Closed buy trade: Entry=83714.410000, Exit=83736.260000, PROFIT=0.03%, Reason=trend_reversal
2025-03-10 11:24:33|INFO|Signal: CLOSE @ 83736.260000 (trend_reversal) on BTCUSDT
2025-03-10 11:24:36|INFO|Opened buy trade at 83736.000000 (Stop: 83074.873700, Target: 85388.815751, RR: 2.5)
2025-03-10 11:24:36|INFO|Signal: BUY BUY @ 83736.000000 on BTCUSDT
2025-03-10 11:24:37|INFO|Closed buy trade: Entry=83736.000000, Exit=83735.440000, LOSS=-0.00%, Reason=trend_reversal
2025-03-10 11:24:37|INFO|Signal: CLOSE @ 83735.440000 (trend_reversal) on BTCUSDT
2025-03-10 11:24:37|INFO|Opened buy trade at 83735.990000 (Stop: 83283.210594, Target: 84867.938514, RR: 2.5)
2025-03-10 11:24:37|INFO|Signal: BUY BUY @ 83735.990000 on BTCUSDT
2025-03-10 11:24:38|INFO|Closed buy trade: Entry=83735.990000, Exit=83776.800000, PROFIT=0.05%, Reason=trend_reversal
2025-03-10 11:24:38|INFO|Signal: CLOSE @ 83776.800000 (trend_reversal) on BTCUSDT
2025-03-10 11:24:48|INFO|Opened buy trade at 83689.990000 (Stop: 83287.628371, Target: 84695.894073, RR: 2.5)
2025-03-10 11:24:48|INFO|Signal: BUY BUY @ 83689.990000 on BTCUSDT
2025-03-10 11:24:48|INFO|Closed buy trade: Entry=83689.990000, Exit=83718.120000, PROFIT=0.03%, Reason=trend_reversal
2025-03-10 11:24:48|INFO|Signal: CLOSE @ 83718.120000 (trend_reversal) on BTCUSDT
2025-03-10 11:24:50|INFO|Opened buy trade at 83691.990000 (Stop: 83195.055331, Target: 84934.326672, RR: 2.5)
2025-03-10 11:24:50|INFO|Signal: BUY BUY @ 83691.990000 on BTCUSDT
2025-03-10 11:24:53|INFO|Closed buy trade: Entry=83691.990000, Exit=83713.670000, PROFIT=0.03%, Reason=trend_reversal
2025-03-10 11:24:53|INFO|Signal: CLOSE @ 83713.670000 (trend_reversal) on BTCUSDT
2025-03-10 11:25:00|INFO|Opened buy trade at 83672.450000 (Stop: 83299.284135, Target: 84605.364662, RR: 2.5)
2025-03-10 11:25:00|INFO|Signal: BUY BUY @ 83672.450000 on BTCUSDT
2025-03-10 11:25:01|INFO|Closed buy trade: Entry=83672.450000, Exit=83713.930000, PROFIT=0.05%, Reason=trend_reversal
2025-03-10 11:25:01|INFO|Signal: CLOSE @ 83713.930000 (trend_reversal) on BTCUSDT
2025-03-10 11:25:09|INFO|Opened buy trade at 83671.740000 (Stop: 83234.391492, Target: 84765.111270, RR: 2.5)
2025-03-10 11:25:09|INFO|Signal: BUY BUY @ 83671.740000 on BTCUSDT
2025-03-10 11:25:10|INFO|Closed buy trade: Entry=83671.740000, Exit=83694.800000, PROFIT=0.03%, Reason=trend_reversal
2025-03-10 11:25:10|INFO|Signal: CLOSE @ 83694.800000 (trend_reversal) on BTCUSDT
2025-03-10 11:25:22|INFO|Opened buy trade at 83573.160000 (Stop: 83145.265063, Target: 84642.897343, RR: 2.5)
2025-03-10 11:25:22|INFO|Signal: BUY BUY @ 83573.160000 on BTCUSDT
2025-03-10 11:25:23|INFO|Closed buy trade: Entry=83573.160000, Exit=83590.740000, PROFIT=0.02%, Reason=trend_reversal
2025-03-10 11:25:23|INFO|Signal: CLOSE @ 83590.740000 (trend_reversal) on BTCUSDT
2025-03-10 11:25:33|INFO|Opened buy trade at 83680.960000 (Stop: 83283.786955, Target: 84673.892613, RR: 2.5)
2025-03-10 11:25:33|INFO|Signal: BUY BUY @ 83680.960000 on BTCUSDT
2025-03-10 11:25:33|INFO|Closed buy trade: Entry=83680.960000, Exit=83685.520000, PROFIT=0.01%, Reason=trend_reversal
2025-03-10 11:25:33|INFO|Signal: CLOSE @ 83685.520000 (trend_reversal) on BTCUSDT
2025-03-10 11:25:33|INFO|Opened buy trade at 83683.230000 (Stop: 83272.076109, Target: 84711.114727, RR: 2.5)
2025-03-10 11:25:33|INFO|Signal: BUY BUY @ 83683.230000 on BTCUSDT
2025-03-10 11:25:35|INFO|Closed buy trade: Entry=83683.230000, Exit=83721.650000, PROFIT=0.05%, Reason=trend_reversal
2025-03-10 11:25:35|INFO|Signal: CLOSE @ 83721.650000 (trend_reversal) on BTCUSDT
2025-03-10 11:25:40|INFO|Opened buy trade at 83693.990000 (Stop: 83192.512673, Target: 84947.683318, RR: 2.5)
2025-03-10 11:25:40|INFO|Signal: BUY BUY @ 83693.990000 on BTCUSDT
2025-03-10 11:25:40|INFO|Closed buy trade: Entry=83693.990000, Exit=83704.880000, PROFIT=0.01%, Reason=trend_reversal
2025-03-10 11:25:40|INFO|Signal: CLOSE @ 83704.880000 (trend_reversal) on BTCUSDT
2025-03-10 11:25:53|INFO|Opened buy trade at 83799.820000 (Stop: 83345.363859, Target: 84935.960351, RR: 2.5)
2025-03-10 11:25:53|INFO|Signal: BUY BUY @ 83799.820000 on BTCUSDT
2025-03-10 11:25:54|INFO|Closed buy trade: Entry=83799.820000, Exit=83798.450000, LOSS=-0.00%, Reason=trend_reversal
2025-03-10 11:25:54|INFO|Signal: CLOSE @ 83798.450000 (trend_reversal) on BTCUSDT
2025-03-10 11:25:57|INFO|Opened buy trade at 83756.490000 (Stop: 83354.186414, Target: 84762.248964, RR: 2.5)
2025-03-10 11:25:57|INFO|Signal: BUY BUY @ 83756.490000 on BTCUSDT
2025-03-10 11:25:57|INFO|Closed buy trade: Entry=83756.490000, Exit=83755.320000, LOSS=-0.00%, Reason=trend_reversal
2025-03-10 11:25:57|INFO|Signal: CLOSE @ 83755.320000 (trend_reversal) on BTCUSDT
2025-03-10 11:26:25|INFO|Opened buy trade at 83892.400000 (Stop: 82378.420532, Target: 87677.348670, RR: 2.5)
2025-03-10 11:26:25|INFO|Signal: BUY BUY @ 83892.400000 on BTCUSDT
2025-03-10 11:26:26|INFO|Closed buy trade: Entry=83892.400000, Exit=83919.990000, PROFIT=0.03%, Reason=trend_reversal
2025-03-10 11:26:26|INFO|Signal: CLOSE @ 83919.990000 (trend_reversal) on BTCUSDT
2025-03-10 11:26:30|INFO|Opened buy trade at 83817.000000 (Stop: 83075.012716, Target: 85671.968209, RR: 2.5)
2025-03-10 11:26:30|INFO|Signal: BUY BUY @ 83817.000000 on BTCUSDT
2025-03-10 11:26:31|INFO|Closed buy trade: Entry=83817.000000, Exit=83818.510000, PROFIT=0.00%, Reason=trend_reversal
2025-03-10 11:26:31|INFO|Signal: CLOSE @ 83818.510000 (trend_reversal) on BTCUSDT
2025-03-10 11:27:01|INFO|Opened buy trade at 83555.700000 (Stop: 83146.704985, Target: 84578.187538, RR: 2.5)
2025-03-10 11:27:01|INFO|Signal: BUY BUY @ 83555.700000 on BTCUSDT
2025-03-10 11:27:01|INFO|Closed buy trade: Entry=83555.700000, Exit=83555.050000, LOSS=-0.00%, Reason=trend_reversal
2025-03-10 11:27:01|INFO|Signal: CLOSE @ 83555.050000 (trend_reversal) on BTCUSDT
2025-03-10 11:27:02|INFO|Opened buy trade at 83558.000000 (Stop: 83142.929481, Target: 84595.676297, RR: 2.5)
2025-03-10 11:27:02|INFO|Signal: BUY BUY @ 83558.000000 on BTCUSDT
2025-03-10 11:27:02|INFO|Closed buy trade: Entry=83558.000000, Exit=83558.760000, PROFIT=0.00%, Reason=trend_reversal
2025-03-10 11:27:02|INFO|Signal: CLOSE @ 83558.760000 (trend_reversal) on BTCUSDT
2025-03-10 11:27:42|INFO|Opened buy trade at 83459.220000 (Stop: 82121.286453, Target: 86804.053868, RR: 2.5)
2025-03-10 11:27:42|INFO|Signal: BUY BUY @ 83459.220000 on BTCUSDT
2025-03-10 11:27:43|INFO|Closed buy trade: Entry=83459.220000, Exit=83460.260000, PROFIT=0.00%, Reason=trend_reversal
2025-03-10 11:27:43|INFO|Signal: CLOSE @ 83460.260000 (trend_reversal) on BTCUSDT
2025-03-10 11:28:02|INFO|Opened buy trade at 83307.310000 (Stop: 82855.058499, Target: 84437.938752, RR: 2.5)
2025-03-10 11:28:02|INFO|Signal: BUY BUY @ 83307.310000 on BTCUSDT
2025-03-10 11:28:03|INFO|Closed buy trade: Entry=83307.310000, Exit=83342.680000, PROFIT=0.04%, Reason=trend_reversal
2025-03-10 11:28:03|INFO|Signal: CLOSE @ 83342.680000 (trend_reversal) on BTCUSDT
2025-03-10 11:28:06|INFO|Opened buy trade at 83265.990000 (Stop: 82792.839370, Target: 84448.866575, RR: 2.5)
2025-03-10 11:28:06|INFO|Signal: BUY BUY @ 83265.990000 on BTCUSDT
2025-03-10 11:28:07|INFO|Closed buy trade: Entry=83265.990000, Exit=83314.010000, PROFIT=0.06%, Reason=trend_reversal
2025-03-10 11:28:07|INFO|Signal: CLOSE @ 83314.010000 (trend_reversal) on BTCUSDT
2025-03-10 11:28:08|INFO|Opened buy trade at 83303.990000 (Stop: 82527.638319, Target: 85244.869202, RR: 2.5)
2025-03-10 11:28:08|INFO|Signal: BUY BUY @ 83303.990000 on BTCUSDT
2025-03-10 11:28:09|INFO|Closed buy trade: Entry=83303.990000, Exit=83327.190000, PROFIT=0.03%, Reason=trend_reversal
2025-03-10 11:28:09|INFO|Signal: CLOSE @ 83327.190000 (trend_reversal) on BTCUSDT
2025-03-10 11:28:10|INFO|Opened buy trade at 83307.670000 (Stop: 82478.663511, Target: 85380.186222, RR: 2.5)
2025-03-10 11:28:10|INFO|Signal: BUY BUY @ 83307.670000 on BTCUSDT
2025-03-10 11:28:12|INFO|Closed buy trade: Entry=83307.670000, Exit=83387.640000, PROFIT=0.10%, Reason=trend_reversal
2025-03-10 11:28:12|INFO|Signal: CLOSE @ 83387.640000 (trend_reversal) on BTCUSDT
2025-03-10 11:28:24|INFO|Opened buy trade at 83201.990000 (Stop: 82643.644853, Target: 84597.852867, RR: 2.5)
2025-03-10 11:28:24|INFO|Signal: BUY BUY @ 83201.990000 on BTCUSDT
2025-03-10 11:28:27|INFO|Closed buy trade: Entry=83201.990000, Exit=83265.990000, PROFIT=0.08%, Reason=trend_reversal
2025-03-10 11:28:27|INFO|Signal: CLOSE @ 83265.990000 (trend_reversal) on BTCUSDT
2025-03-10 11:28:28|INFO|Opened buy trade at 83233.360000 (Stop: 82768.012364, Target: 84396.729090, RR: 2.5)
2025-03-10 11:28:28|INFO|Signal: BUY BUY @ 83233.360000 on BTCUSDT
2025-03-10 11:28:30|INFO|Closed buy trade: Entry=83233.360000, Exit=83263.370000, PROFIT=0.04%, Reason=trend_reversal
2025-03-10 11:28:30|INFO|Signal: CLOSE @ 83263.370000 (trend_reversal) on BTCUSDT
2025-03-10 11:28:36|INFO|Opened buy trade at 83275.510000 (Stop: 82814.416757, Target: 84428.243108, RR: 2.5)
2025-03-10 11:28:36|INFO|Signal: BUY BUY @ 83275.510000 on BTCUSDT
2025-03-10 11:28:36|INFO|Closed buy trade: Entry=83275.510000, Exit=83274.460000, LOSS=-0.00%, Reason=trend_reversal
2025-03-10 11:28:36|INFO|Signal: CLOSE @ 83274.460000 (trend_reversal) on BTCUSDT
2025-03-10 11:28:39|INFO|Opened buy trade at 83232.820000 (Stop: 82507.024143, Target: 85047.309642, RR: 2.5)
2025-03-10 11:28:39|INFO|Signal: BUY BUY @ 83232.820000 on BTCUSDT
2025-03-10 11:28:41|INFO|Closed buy trade: Entry=83232.820000, Exit=83266.020000, PROFIT=0.04%, Reason=trend_reversal
2025-03-10 11:28:41|INFO|Signal: CLOSE @ 83266.020000 (trend_reversal) on BTCUSDT
2025-03-10 11:29:06|INFO|Opened buy trade at 83304.540000 (Stop: 82883.706022, Target: 84356.624945, RR: 2.5)
2025-03-10 11:29:06|INFO|Signal: BUY BUY @ 83304.540000 on BTCUSDT
2025-03-10 11:29:06|INFO|Closed buy trade: Entry=83304.540000, Exit=83304.010000, LOSS=-0.00%, Reason=trend_reversal
2025-03-10 11:29:06|INFO|Signal: CLOSE @ 83304.010000 (trend_reversal) on BTCUSDT
2025-03-10 11:29:42|INFO|Opened buy trade at 83157.710000 (Stop: 82669.904809, Target: 84377.222979, RR: 2.5)
2025-03-10 11:29:42|INFO|Signal: BUY BUY @ 83157.710000 on BTCUSDT
2025-03-10 11:29:44|INFO|Closed buy trade: Entry=83157.710000, Exit=83196.570000, PROFIT=0.05%, Reason=trend_reversal
2025-03-10 11:29:44|INFO|Signal: CLOSE @ 83196.570000 (trend_reversal) on BTCUSDT
2025-03-10 11:30:37|INFO|Opened buy trade at 83120.000000 (Stop: 82499.694756, Target: 84670.763111, RR: 2.5)
2025-03-10 11:30:37|INFO|Signal: BUY BUY @ 83120.000000 on BTCUSDT
2025-03-10 11:30:37|INFO|Closed buy trade: Entry=83120.000000, Exit=83118.000000, LOSS=-0.00%, Reason=trend_reversal
2025-03-10 11:30:37|INFO|Signal: CLOSE @ 83118.000000 (trend_reversal) on BTCUSDT
2025-03-10 11:30:40|INFO|Opened buy trade at 83092.000000 (Stop: 82506.875952, Target: 84554.810120, RR: 2.5)
2025-03-10 11:30:40|INFO|Signal: BUY BUY @ 83092.000000 on BTCUSDT
2025-03-10 11:30:41|INFO|Closed buy trade: Entry=83092.000000, Exit=83104.740000, PROFIT=0.02%, Reason=trend_reversal
2025-03-10 11:30:41|INFO|Signal: CLOSE @ 83104.740000 (trend_reversal) on BTCUSDT
2025-03-10 11:30:48|INFO|Opened buy trade at 83065.870000 (Stop: 81972.596961, Target: 85799.052597, RR: 2.5)
2025-03-10 11:30:48|INFO|Signal: BUY BUY @ 83065.870000 on BTCUSDT
2025-03-10 11:30:48|INFO|Closed buy trade: Entry=83065.870000, Exit=83071.260000, PROFIT=0.01%, Reason=trend_reversal
2025-03-10 11:30:48|INFO|Signal: CLOSE @ 83071.260000 (trend_reversal) on BTCUSDT
2025-03-10 11:30:52|INFO|Opened buy trade at 82948.000000 (Stop: 82458.130549, Target: 84172.673627, RR: 2.5)
2025-03-10 11:30:52|INFO|Signal: BUY BUY @ 82948.000000 on BTCUSDT
2025-03-10 11:30:54|INFO|Closed buy trade: Entry=82948.000000, Exit=82992.480000, PROFIT=0.05%, Reason=trend_reversal
2025-03-10 11:30:54|INFO|Signal: CLOSE @ 82992.480000 (trend_reversal) on BTCUSDT
2025-03-10 11:31:02|INFO|Opened buy trade at 82978.000000 (Stop: 82560.035743, Target: 84022.910642, RR: 2.5)
2025-03-10 11:31:02|INFO|Signal: BUY BUY @ 82978.000000 on BTCUSDT
2025-03-10 11:31:02|INFO|Closed buy trade: Entry=82978.000000, Exit=82980.840000, PROFIT=0.00%, Reason=trend_reversal
2025-03-10 11:31:02|INFO|Signal: CLOSE @ 82980.840000 (trend_reversal) on BTCUSDT
2025-03-10 11:31:03|INFO|Opened buy trade at 82968.010000 (Stop: 82479.882343, Target: 84188.329142, RR: 2.5)
2025-03-10 11:31:03|INFO|Signal: BUY BUY @ 82968.010000 on BTCUSDT
2025-03-10 11:31:05|INFO|Closed buy trade: Entry=82968.010000, Exit=82995.750000, PROFIT=0.03%, Reason=trend_reversal
2025-03-10 11:31:05|INFO|Signal: CLOSE @ 82995.750000 (trend_reversal) on BTCUSDT
2025-03-10 11:31:10|INFO|Opened buy trade at 82879.990000 (Stop: 82475.458634, Target: 83891.318414, RR: 2.5)
2025-03-10 11:31:10|INFO|Signal: BUY BUY @ 82879.990000 on BTCUSDT
2025-03-10 11:31:10|INFO|Closed buy trade: Entry=82879.990000, Exit=82881.180000, PROFIT=0.00%, Reason=trend_reversal
2025-03-10 11:31:10|INFO|Signal: CLOSE @ 82881.180000 (trend_reversal) on BTCUSDT
2025-03-10 11:31:44|INFO|Opened buy trade at 82962.250000 (Stop: 82580.809483, Target: 83915.851292, RR: 2.5)
2025-03-10 11:31:44|INFO|Signal: BUY BUY @ 82962.250000 on BTCUSDT
2025-03-10 11:31:45|INFO|Closed buy trade: Entry=82962.250000, Exit=82999.250000, PROFIT=0.04%, Reason=trend_reversal
2025-03-10 11:31:45|INFO|Signal: CLOSE @ 82999.250000 (trend_reversal) on BTCUSDT
2025-03-10 11:31:55|INFO|Opened buy trade at 82991.700000 (Stop: 82548.865484, Target: 84098.786290, RR: 2.5)
2025-03-10 11:31:55|INFO|Signal: BUY BUY @ 82991.700000 on BTCUSDT
2025-03-10 11:31:56|INFO|Closed buy trade: Entry=82991.700000, Exit=83013.000000, PROFIT=0.03%, Reason=trend_reversal
2025-03-10 11:31:56|INFO|Signal: CLOSE @ 83013.000000 (trend_reversal) on BTCUSDT
2025-03-10 11:32:09|INFO|Opened buy trade at 82864.220000 (Stop: 82479.787399, Target: 83825.301503, RR: 2.5)
2025-03-10 11:32:09|INFO|Signal: BUY BUY @ 82864.220000 on BTCUSDT
2025-03-10 11:32:12|INFO|Closed buy trade: Entry=82864.220000, Exit=82926.330000, PROFIT=0.07%, Reason=trend_reversal
2025-03-10 11:32:12|INFO|Signal: CLOSE @ 82926.330000 (trend_reversal) on BTCUSDT
2025-03-10 11:33:19|INFO|Opened buy trade at 82919.980000 (Stop: 82543.315672, Target: 83861.640819, RR: 2.5)
2025-03-10 11:33:19|INFO|Signal: BUY BUY @ 82919.980000 on BTCUSDT
2025-03-10 11:33:19|INFO|Closed buy trade: Entry=82919.980000, Exit=82936.530000, PROFIT=0.02%, Reason=trend_reversal
2025-03-10 11:33:19|INFO|Signal: CLOSE @ 82936.530000 (trend_reversal) on BTCUSDT
2025-03-10 11:34:01|INFO|Opened buy trade at 82882.770000 (Stop: 82507.521185, Target: 83820.892037, RR: 2.5)
2025-03-10 11:34:01|INFO|Signal: BUY BUY @ 82882.770000 on BTCUSDT
2025-03-10 11:34:01|INFO|Closed buy trade: Entry=82882.770000, Exit=82882.950000, PROFIT=0.00%, Reason=trend_reversal
2025-03-10 11:34:01|INFO|Signal: CLOSE @ 82882.950000 (trend_reversal) on BTCUSDT
2025-03-10 11:34:15|INFO|Opened buy trade at 82682.330000 (Stop: 81976.108469, Target: 84447.883828, RR: 2.5)
2025-03-10 11:34:15|INFO|Signal: BUY BUY @ 82682.330000 on BTCUSDT
2025-03-10 11:34:16|INFO|Closed buy trade: Entry=82682.330000, Exit=82744.000000, PROFIT=0.07%, Reason=trend_reversal
2025-03-10 11:34:16|INFO|Signal: CLOSE @ 82744.000000 (trend_reversal) on BTCUSDT
2025-03-10 11:34:24|INFO|Opened buy trade at 82758.000000 (Stop: 82142.639892, Target: 84296.400270, RR: 2.5)
2025-03-10 11:34:24|INFO|Signal: BUY BUY @ 82758.000000 on BTCUSDT
2025-03-10 11:34:26|INFO|Closed buy trade: Entry=82758.000000, Exit=82803.110000, PROFIT=0.05%, Reason=trend_reversal
2025-03-10 11:34:26|INFO|Signal: CLOSE @ 82803.110000 (trend_reversal) on BTCUSDT
2025-03-10 11:34:55|INFO|Opened buy trade at 82996.760000 (Stop: 82410.683438, Target: 84461.951405, RR: 2.5)
2025-03-10 11:34:55|INFO|Signal: BUY BUY @ 82996.760000 on BTCUSDT
2025-03-10 11:34:58|INFO|Closed buy trade: Entry=82996.760000, Exit=83010.040000, PROFIT=0.02%, Reason=trend_reversal
2025-03-10 11:34:58|INFO|Signal: CLOSE @ 83010.040000 (trend_reversal) on BTCUSDT
2025-03-10 11:35:54|INFO|Opened buy trade at 82869.500000 (Stop: 81965.462816, Target: 85129.592960, RR: 2.5)
2025-03-10 11:35:54|INFO|Signal: BUY BUY @ 82869.500000 on BTCUSDT
2025-03-10 11:35:54|INFO|Closed buy trade: Entry=82869.500000, Exit=82878.010000, PROFIT=0.01%, Reason=trend_reversal
2025-03-10 11:35:54|INFO|Signal: CLOSE @ 82878.010000 (trend_reversal) on BTCUSDT
2025-03-10 11:38:52|INFO|Opened buy trade at 82844.000000 (Stop: 82454.103910, Target: 83818.740225, RR: 2.5)
2025-03-10 11:38:52|INFO|Signal: BUY BUY @ 82844.000000 on BTCUSDT
2025-03-10 11:38:53|INFO|Closed buy trade: Entry=82844.000000, Exit=82859.200000, PROFIT=0.02%, Reason=trend_reversal
2025-03-10 11:38:53|INFO|Signal: CLOSE @ 82859.200000 (trend_reversal) on BTCUSDT
2025-03-10 11:39:48|INFO|Opened buy trade at 82578.700000 (Stop: 81979.770803, Target: 84076.022992, RR: 2.5)
2025-03-10 11:39:48|INFO|Signal: BUY BUY @ 82578.700000 on BTCUSDT
2025-03-10 11:39:50|INFO|Closed buy trade: Entry=82578.700000, Exit=82608.880000, PROFIT=0.04%, Reason=trend_reversal
2025-03-10 11:39:50|INFO|Signal: CLOSE @ 82608.880000 (trend_reversal) on BTCUSDT
2025-03-10 11:47:33|INFO|Opened buy trade at 82912.000000 (Stop: 82375.838914, Target: 84252.402715, RR: 2.5)
2025-03-10 11:47:33|INFO|Signal: BUY BUY @ 82912.000000 on BTCUSDT
2025-03-10 11:47:36|INFO|Closed buy trade: Entry=82912.000000, Exit=82940.310000, PROFIT=0.03%, Reason=trend_reversal
2025-03-10 11:47:36|INFO|Signal: CLOSE @ 82940.310000 (trend_reversal) on BTCUSDT
2025-03-10 11:48:03|INFO|Opened buy trade at 82935.180000 (Stop: 82548.505800, Target: 83901.865499, RR: 2.5)
2025-03-10 11:48:03|INFO|Signal: BUY BUY @ 82935.180000 on BTCUSDT
2025-03-10 11:48:04|INFO|Closed buy trade: Entry=82935.180000, Exit=82938.000000, PROFIT=0.00%, Reason=trend_reversal
2025-03-10 11:48:04|INFO|Signal: CLOSE @ 82938.000000 (trend_reversal) on BTCUSDT
2025-03-10 11:56:06|INFO|Opened buy trade at 82371.440000 (Stop: 81970.926809, Target: 83372.722977, RR: 2.5)
2025-03-10 11:56:06|INFO|Signal: BUY BUY @ 82371.440000 on BTCUSDT
2025-03-10 11:56:09|INFO|Closed buy trade: Entry=82371.440000, Exit=82406.060000, PROFIT=0.04%, Reason=trend_reversal
2025-03-10 11:56:09|INFO|Signal: CLOSE @ 82406.060000 (trend_reversal) on BTCUSDT
2025-03-10 11:56:32|INFO|Opened buy trade at 82188.000000 (Stop: 81671.771950, Target: 83478.570125, RR: 2.5)
2025-03-10 11:56:32|INFO|Signal: BUY BUY @ 82188.000000 on BTCUSDT
2025-03-10 11:56:33|INFO|Closed buy trade: Entry=82188.000000, Exit=82201.990000, PROFIT=0.02%, Reason=trend_reversal
2025-03-10 11:56:33|INFO|Signal: CLOSE @ 82201.990000 (trend_reversal) on BTCUSDT
2025-03-10 11:56:57|INFO|Opened buy trade at 82135.350000 (Stop: 81661.662700, Target: 83319.568250, RR: 2.5)
2025-03-10 11:56:57|INFO|Signal: BUY BUY @ 82135.350000 on BTCUSDT
2025-03-10 11:56:57|INFO|Closed buy trade: Entry=82135.350000, Exit=82156.000000, PROFIT=0.03%, Reason=trend_reversal
2025-03-10 11:56:57|INFO|Signal: CLOSE @ 82156.000000 (trend_reversal) on BTCUSDT
2025-03-10 11:57:05|INFO|Opened buy trade at 82188.480000 (Stop: 81608.364375, Target: 83638.769063, RR: 2.5)
2025-03-10 11:57:05|INFO|Signal: BUY BUY @ 82188.480000 on BTCUSDT
2025-03-10 11:57:07|INFO|Closed buy trade: Entry=82188.480000, Exit=82213.240000, PROFIT=0.03%, Reason=trend_reversal
2025-03-10 11:57:07|INFO|Signal: CLOSE @ 82213.240000 (trend_reversal) on BTCUSDT
2025-03-10 11:57:39|INFO|Opened buy trade at 82286.680000 (Stop: 81916.033140, Target: 83213.297149, RR: 2.5)
2025-03-10 11:57:39|INFO|Signal: BUY BUY @ 82286.680000 on BTCUSDT
2025-03-10 11:57:39|INFO|Closed buy trade: Entry=82286.680000, Exit=82285.990000, LOSS=-0.00%, Reason=trend_reversal
2025-03-10 11:57:39|INFO|Signal: CLOSE @ 82285.990000 (trend_reversal) on BTCUSDT
2025-03-10 12:00:49|INFO|Opened buy trade at 82435.920000 (Stop: 81591.189299, Target: 84547.746752, RR: 2.5)
2025-03-10 12:00:49|INFO|Signal: BUY BUY @ 82435.920000 on BTCUSDT
2025-03-10 12:00:50|INFO|Closed buy trade: Entry=82435.920000, Exit=82433.550000, LOSS=-0.00%, Reason=trend_reversal
2025-03-10 12:00:50|INFO|Signal: CLOSE @ 82433.550000 (trend_reversal) on BTCUSDT
2025-03-10 12:00:50|INFO|Opened buy trade at 82446.180000 (Stop: 81591.611117, Target: 84582.602208, RR: 2.5)
2025-03-10 12:00:50|INFO|Signal: BUY BUY @ 82446.180000 on BTCUSDT
2025-03-10 12:00:51|INFO|Closed buy trade: Entry=82446.180000, Exit=82464.000000, PROFIT=0.02%, Reason=trend_reversal
2025-03-10 12:00:51|INFO|Signal: CLOSE @ 82464.000000 (trend_reversal) on BTCUSDT
2025-03-10 12:11:15|INFO|Opened buy trade at 82345.690000 (Stop: 81813.276042, Target: 83676.724895, RR: 2.5)
2025-03-10 12:11:15|INFO|Signal: BUY BUY @ 82345.690000 on BTCUSDT
2025-03-10 12:11:15|INFO|Closed buy trade: Entry=82345.690000, Exit=82354.990000, PROFIT=0.01%, Reason=trend_reversal
2025-03-10 12:11:15|INFO|Signal: CLOSE @ 82354.990000 (trend_reversal) on BTCUSDT
2025-03-10 12:11:41|INFO|Opened buy trade at 82291.300000 (Stop: 81437.452017, Target: 84425.919958, RR: 2.5)
2025-03-10 12:11:41|INFO|Signal: BUY BUY @ 82291.300000 on BTCUSDT
2025-03-10 12:12:01|INFO|Closed buy trade: Entry=82291.300000, Exit=82391.090000, PROFIT=0.12%, Reason=trend_reversal
2025-03-10 12:12:01|INFO|Signal: CLOSE @ 82391.090000 (trend_reversal) on BTCUSDT
2025-03-10 12:16:28|ERROR|WebSocket error: ping/pong timed out
2025-03-10 12:16:28|WARNING|Connection closed: unknown reason
2025-03-10 12:16:28|INFO|Reconnecting to btcusdt in 2.60 seconds (Attempt 1)
2025-03-10 12:16:32|INFO|Connection established successfully
2025-03-10 12:17:08|INFO|Opened buy trade at 82264.450000 (Stop: 81865.129091, Target: 83262.752273, RR: 2.5)
2025-03-10 12:17:08|INFO|Signal: BUY BUY @ 82264.450000 on BTCUSDT
2025-03-10 12:17:10|INFO|Closed buy trade: Entry=82264.450000, Exit=82289.140000, PROFIT=0.03%, Reason=trend_reversal
2025-03-10 12:17:10|INFO|Signal: CLOSE @ 82289.140000 (trend_reversal) on BTCUSDT
2025-03-10 12:17:13|INFO|Opened buy trade at 82312.000000 (Stop: 81897.633105, Target: 83347.917238, RR: 2.5)
2025-03-10 12:17:13|INFO|Signal: BUY BUY @ 82312.000000 on BTCUSDT
2025-03-10 12:17:14|INFO|Closed buy trade: Entry=82312.000000, Exit=82332.080000, PROFIT=0.02%, Reason=trend_reversal
2025-03-10 12:17:14|INFO|Signal: CLOSE @ 82332.080000 (trend_reversal) on BTCUSDT
2025-03-10 12:20:10|INFO|Opened buy trade at 82353.000000 (Stop: 81982.524340, Target: 83279.189150, RR: 2.5)
2025-03-10 12:20:10|INFO|Signal: BUY BUY @ 82353.000000 on BTCUSDT
2025-03-10 12:20:11|INFO|Closed buy trade: Entry=82353.000000, Exit=82352.390000, LOSS=-0.00%, Reason=trend_reversal
2025-03-10 12:20:11|INFO|Signal: CLOSE @ 82352.390000 (trend_reversal) on BTCUSDT
2025-03-10 12:26:09|INFO|Opened buy trade at 82014.000000 (Stop: 81635.112934, Target: 82961.217666, RR: 2.5)
2025-03-10 12:26:09|INFO|Signal: BUY BUY @ 82014.000000 on BTCUSDT
2025-03-10 12:26:14|INFO|Closed buy trade: Entry=82014.000000, Exit=82045.230000, PROFIT=0.04%, Reason=trend_reversal
2025-03-10 12:26:14|INFO|Signal: CLOSE @ 82045.230000 (trend_reversal) on BTCUSDT
2025-03-10 12:26:55|INFO|Opened buy trade at 81867.830000 (Stop: 81216.361587, Target: 83496.501032, RR: 2.5)
2025-03-10 12:26:55|INFO|Signal: BUY BUY @ 81867.830000 on BTCUSDT
2025-03-10 12:26:56|INFO|Closed buy trade: Entry=81867.830000, Exit=81917.990000, PROFIT=0.06%, Reason=trend_reversal
2025-03-10 12:26:56|INFO|Signal: CLOSE @ 81917.990000 (trend_reversal) on BTCUSDT
2025-03-10 12:26:59|INFO|Opened buy trade at 81879.700000 (Stop: 81123.898824, Target: 83769.202941, RR: 2.5)
2025-03-10 12:26:59|INFO|Signal: BUY BUY @ 81879.700000 on BTCUSDT
2025-03-10 12:27:01|INFO|Closed buy trade: Entry=81879.700000, Exit=81925.590000, PROFIT=0.06%, Reason=trend_reversal
2025-03-10 12:27:01|INFO|Signal: CLOSE @ 81925.590000 (trend_reversal) on BTCUSDT
2025-03-10 12:27:22|INFO|Opened buy trade at 81871.810000 (Stop: 81247.463441, Target: 83432.676397, RR: 2.5)
2025-03-10 12:27:22|INFO|Signal: BUY BUY @ 81871.810000 on BTCUSDT
2025-03-10 12:27:23|INFO|Closed buy trade: Entry=81871.810000, Exit=81868.210000, LOSS=-0.00%, Reason=trend_reversal
2025-03-10 12:27:23|INFO|Signal: CLOSE @ 81868.210000 (trend_reversal) on BTCUSDT
2025-03-10 12:27:25|INFO|Opened buy trade at 81858.390000 (Stop: 81211.230690, Target: 83476.288275, RR: 2.5)
2025-03-10 12:27:25|INFO|Signal: BUY BUY @ 81858.390000 on BTCUSDT
2025-03-10 12:27:26|INFO|Closed buy trade: Entry=81858.390000, Exit=81863.090000, PROFIT=0.01%, Reason=trend_reversal
2025-03-10 12:27:26|INFO|Signal: CLOSE @ 81863.090000 (trend_reversal) on BTCUSDT
2025-03-10 12:27:39|INFO|Opened buy trade at 81655.220000 (Stop: 81188.972532, Target: 82820.838670, RR: 2.5)
2025-03-10 12:27:39|INFO|Signal: BUY BUY @ 81655.220000 on BTCUSDT
2025-03-10 12:27:39|INFO|Closed buy trade: Entry=81655.220000, Exit=81669.240000, PROFIT=0.02%, Reason=trend_reversal
2025-03-10 12:27:39|INFO|Signal: CLOSE @ 81669.240000 (trend_reversal) on BTCUSDT
2025-03-10 12:27:39|INFO|Opened buy trade at 81668.010000 (Stop: 80939.542815, Target: 83489.177963, RR: 2.5)
2025-03-10 12:27:39|INFO|Signal: BUY BUY @ 81668.010000 on BTCUSDT
2025-03-10 12:27:39|INFO|Closed buy trade: Entry=81668.010000, Exit=81666.030000, LOSS=-0.00%, Reason=trend_reversal
2025-03-10 12:27:39|INFO|Signal: CLOSE @ 81666.030000 (trend_reversal) on BTCUSDT
2025-03-10 12:27:40|INFO|Opened buy trade at 81640.000000 (Stop: 81016.212526, Target: 83199.468684, RR: 2.5)
2025-03-10 12:27:40|INFO|Signal: BUY BUY @ 81640.000000 on BTCUSDT
2025-03-10 12:27:41|INFO|Closed buy trade: Entry=81640.000000, Exit=81661.280000, PROFIT=0.03%, Reason=trend_reversal
2025-03-10 12:27:41|INFO|Signal: CLOSE @ 81661.280000 (trend_reversal) on BTCUSDT
2025-03-10 12:27:42|INFO|Opened buy trade at 81650.000000 (Stop: 81280.964293, Target: 82572.589268, RR: 2.5)
2025-03-10 12:27:42|INFO|Signal: BUY BUY @ 81650.000000 on BTCUSDT
2025-03-10 12:27:43|INFO|Closed buy trade: Entry=81650.000000, Exit=81687.900000, PROFIT=0.05%, Reason=trend_reversal
2025-03-10 12:27:43|INFO|Signal: CLOSE @ 81687.900000 (trend_reversal) on BTCUSDT
2025-03-10 12:30:03|INFO|Opened buy trade at 81869.990000 (Stop: 81506.625749, Target: 82778.400628, RR: 2.5)
2025-03-10 12:30:03|INFO|Signal: BUY BUY @ 81869.990000 on BTCUSDT
2025-03-10 12:30:05|INFO|Closed buy trade: Entry=81869.990000, Exit=81878.000000, PROFIT=0.01%, Reason=trend_reversal
2025-03-10 12:30:05|INFO|Signal: CLOSE @ 81878.000000 (trend_reversal) on BTCUSDT
2025-03-10 12:31:52|INFO|Opened buy trade at 81824.980000 (Stop: 80905.664677, Target: 84123.268306, RR: 2.5)
2025-03-10 12:31:52|INFO|Signal: BUY BUY @ 81824.980000 on BTCUSDT
2025-03-10 12:31:52|INFO|Closed buy trade: Entry=81824.980000, Exit=81825.270000, PROFIT=0.00%, Reason=trend_reversal
2025-03-10 12:31:52|INFO|Signal: CLOSE @ 81825.270000 (trend_reversal) on BTCUSDT
2025-03-10 12:39:37|INFO|Opened buy trade at 82028.000000 (Stop: 81534.968869, Target: 83260.577826, RR: 2.5)
2025-03-10 12:39:37|INFO|Signal: BUY BUY @ 82028.000000 on BTCUSDT
2025-03-10 12:39:37|INFO|Closed buy trade: Entry=82028.000000, Exit=82040.180000, PROFIT=0.01%, Reason=trend_reversal
2025-03-10 12:39:37|INFO|Signal: CLOSE @ 82040.180000 (trend_reversal) on BTCUSDT
2025-03-10 12:39:40|INFO|Opened buy trade at 82030.000000 (Stop: 81508.445772, Target: 83333.885570, RR: 2.5)
2025-03-10 12:39:40|INFO|Signal: BUY BUY @ 82030.000000 on BTCUSDT
2025-03-10 12:39:42|INFO|Closed buy trade: Entry=82030.000000, Exit=82051.990000, PROFIT=0.03%, Reason=trend_reversal
2025-03-10 12:39:42|INFO|Signal: CLOSE @ 82051.990000 (trend_reversal) on BTCUSDT
2025-03-10 12:48:06|INFO|Opened buy trade at 81931.990000 (Stop: 81547.868286, Target: 82892.294285, RR: 2.5)
2025-03-10 12:48:06|INFO|Signal: BUY BUY @ 81931.990000 on BTCUSDT
2025-03-10 12:48:08|INFO|Closed buy trade: Entry=81931.990000, Exit=81971.980000, PROFIT=0.05%, Reason=trend_reversal
2025-03-10 12:48:08|INFO|Signal: CLOSE @ 81971.980000 (trend_reversal) on BTCUSDT
2025-03-10 12:52:27|INFO|Opened buy trade at 82144.680000 (Stop: 81699.763270, Target: 83256.971825, RR: 2.5)
2025-03-10 12:52:27|INFO|Signal: BUY BUY @ 82144.680000 on BTCUSDT
2025-03-10 12:52:32|INFO|Closed buy trade: Entry=82144.680000, Exit=82150.940000, PROFIT=0.01%, Reason=trend_reversal
2025-03-10 12:52:32|INFO|Signal: CLOSE @ 82150.940000 (trend_reversal) on BTCUSDT
2025-03-10 12:56:36|INFO|Opened buy trade at 82250.510000 (Stop: 81871.681201, Target: 83197.581997, RR: 2.5)
2025-03-10 12:56:36|INFO|Signal: BUY BUY @ 82250.510000 on BTCUSDT
2025-03-10 12:56:38|INFO|Closed buy trade: Entry=82250.510000, Exit=82258.110000, PROFIT=0.01%, Reason=trend_reversal
2025-03-10 12:56:38|INFO|Signal: CLOSE @ 82258.110000 (trend_reversal) on BTCUSDT
2025-03-10 13:00:09|INFO|Opened buy trade at 82331.390000 (Stop: 81961.457945, Target: 83256.220136, RR: 2.5)
2025-03-10 13:00:09|INFO|Signal: BUY BUY @ 82331.390000 on BTCUSDT
2025-03-10 13:00:11|INFO|Closed buy trade: Entry=82331.390000, Exit=82343.800000, PROFIT=0.02%, Reason=trend_reversal
2025-03-10 13:00:11|INFO|Signal: CLOSE @ 82343.800000 (trend_reversal) on BTCUSDT
2025-03-10 13:04:04|INFO|Opened buy trade at 82329.590000 (Stop: 81944.442552, Target: 83292.458619, RR: 2.5)
2025-03-10 13:04:04|INFO|Signal: BUY BUY @ 82329.590000 on BTCUSDT
2025-03-10 13:04:05|INFO|Closed buy trade: Entry=82329.590000, Exit=82330.010000, PROFIT=0.00%, Reason=trend_reversal
2025-03-10 13:04:05|INFO|Signal: CLOSE @ 82330.010000 (trend_reversal) on BTCUSDT
2025-03-10 13:04:06|INFO|Opened buy trade at 82317.540000 (Stop: 81879.563207, Target: 83412.481982, RR: 2.5)
2025-03-10 13:04:06|INFO|Signal: BUY BUY @ 82317.540000 on BTCUSDT
2025-03-10 13:04:06|INFO|Closed buy trade: Entry=82317.540000, Exit=82318.320000, PROFIT=0.00%, Reason=trend_reversal
2025-03-10 13:04:06|INFO|Signal: CLOSE @ 82318.320000 (trend_reversal) on BTCUSDT
2025-03-10 13:04:07|INFO|Opened buy trade at 82325.370000 (Stop: 81875.177913, Target: 83450.850218, RR: 2.5)
2025-03-10 13:04:07|INFO|Signal: BUY BUY @ 82325.370000 on BTCUSDT
2025-03-10 13:04:08|INFO|Closed buy trade: Entry=82325.370000, Exit=82362.280000, PROFIT=0.04%, Reason=trend_reversal
2025-03-10 13:04:08|INFO|Signal: CLOSE @ 82362.280000 (trend_reversal) on BTCUSDT
2025-03-10 13:04:27|INFO|Opened buy trade at 82345.730000 (Stop: 81918.074312, Target: 83414.869221, RR: 2.5)
2025-03-10 13:04:27|INFO|Signal: BUY BUY @ 82345.730000 on BTCUSDT
2025-03-10 13:04:28|INFO|Closed buy trade: Entry=82345.730000, Exit=82352.020000, PROFIT=0.01%, Reason=trend_reversal
2025-03-10 13:04:28|INFO|Signal: CLOSE @ 82352.020000 (trend_reversal) on BTCUSDT
2025-03-10 13:04:33|INFO|Opened buy trade at 82336.000000 (Stop: 81944.477425, Target: 83314.806439, RR: 2.5)
2025-03-10 13:04:33|INFO|Signal: BUY BUY @ 82336.000000 on BTCUSDT
2025-03-10 13:04:33|INFO|Closed buy trade: Entry=82336.000000, Exit=82336.010000, PROFIT=0.00%, Reason=trend_reversal
2025-03-10 13:04:33|INFO|Signal: CLOSE @ 82336.010000 (trend_reversal) on BTCUSDT
2025-03-10 13:04:37|INFO|Opened buy trade at 82312.280000 (Stop: 81949.961574, Target: 83218.076065, RR: 2.5)
2025-03-10 13:04:37|INFO|Signal: BUY BUY @ 82312.280000 on BTCUSDT
2025-03-10 13:04:40|INFO|Closed buy trade: Entry=82312.280000, Exit=82343.980000, PROFIT=0.04%, Reason=trend_reversal
2025-03-10 13:04:40|INFO|Signal: CLOSE @ 82343.980000 (trend_reversal) on BTCUSDT
2025-03-10 13:05:04|INFO|Opened buy trade at 82317.990000 (Stop: 81946.331670, Target: 83247.135824, RR: 2.5)
2025-03-10 13:05:04|INFO|Signal: BUY BUY @ 82317.990000 on BTCUSDT
2025-03-10 13:05:05|INFO|Closed buy trade: Entry=82317.990000, Exit=82320.160000, PROFIT=0.00%, Reason=trend_reversal
2025-03-10 13:05:05|INFO|Signal: CLOSE @ 82320.160000 (trend_reversal) on BTCUSDT
2025-03-10 13:05:08|INFO|Opened buy trade at 82288.110000 (Stop: 81885.910293, Target: 83293.609268, RR: 2.5)
2025-03-10 13:05:08|INFO|Signal: BUY BUY @ 82288.110000 on BTCUSDT
2025-03-10 13:05:09|INFO|Closed buy trade: Entry=82288.110000, Exit=82286.120000, LOSS=-0.00%, Reason=trend_reversal
2025-03-10 13:05:09|INFO|Signal: CLOSE @ 82286.120000 (trend_reversal) on BTCUSDT
2025-03-10 13:05:10|INFO|Opened buy trade at 82284.660000 (Stop: 81878.596951, Target: 83299.817624, RR: 2.5)
2025-03-10 13:05:10|INFO|Signal: BUY BUY @ 82284.660000 on BTCUSDT
2025-03-10 13:05:15|INFO|Closed buy trade: Entry=82284.660000, Exit=82306.270000, PROFIT=0.03%, Reason=trend_reversal
2025-03-10 13:05:15|INFO|Signal: CLOSE @ 82306.270000 (trend_reversal) on BTCUSDT
2025-03-10 13:05:41|INFO|Opened buy trade at 82216.170000 (Stop: 81428.168326, Target: 84186.174184, RR: 2.5)
2025-03-10 13:05:41|INFO|Signal: BUY BUY @ 82216.170000 on BTCUSDT
2025-03-10 13:05:42|INFO|Closed buy trade: Entry=82216.170000, Exit=82229.530000, PROFIT=0.02%, Reason=trend_reversal
2025-03-10 13:05:42|INFO|Signal: CLOSE @ 82229.530000 (trend_reversal) on BTCUSDT
