2025-03-08 22:24:59|INFO|Warmup phase completed with 300 ticks
2025-03-08 23:45:02|INFO|Opened buy trade at 86320.230000 (Stop: 85899.666466, Target: 87371.638835, RR: 2.5)
2025-03-08 23:45:02|INFO|Signal: BUY BUY @ 86320.230000 on BTCUSDT
2025-03-08 23:46:05|INFO|Closed buy trade: Entry=86320.230000, Exit=86355.140000, PROFIT=0.04%, Reason=trend_reversal
2025-03-08 23:46:05|INFO|Signal: CLOSE @ 86355.140000 (trend_reversal) on BTCUSDT
2025-03-09 00:11:48|INFO|Opened buy trade at 86090.820000 (Stop: 85198.224140, Target: 88322.309650, RR: 2.5)
2025-03-09 00:11:48|INFO|Signal: BUY BUY @ 86090.820000 on BTCUSDT
2025-03-09 00:11:49|INFO|Closed buy trade: Entry=86090.820000, Exit=86098.550000, PROFIT=0.01%, Reason=trend_reversal
2025-03-09 00:11:49|INFO|Signal: CLOSE @ 86098.550000 (trend_reversal) on BTCUSDT
2025-03-09 00:11:50|INFO|Opened buy trade at 86081.030000 (Stop: 85393.229978, Target: 87800.530056, RR: 2.5)
2025-03-09 00:11:50|INFO|Signal: BUY BUY @ 86081.030000 on BTCUSDT
2025-03-09 00:12:00|INFO|Closed buy trade: Entry=86081.030000, Exit=86093.470000, PROFIT=0.01%, Reason=trend_reversal
2025-03-09 00:12:00|INFO|Signal: CLOSE @ 86093.470000 (trend_reversal) on BTCUSDT
2025-03-09 00:21:12|INFO|Opened buy trade at 85876.600000 (Stop: 85407.969466, Target: 87048.176335, RR: 2.5)
2025-03-09 00:21:12|INFO|Signal: BUY BUY @ 85876.600000 on BTCUSDT
2025-03-09 00:21:54|INFO|Closed buy trade: Entry=85876.600000, Exit=85885.910000, PROFIT=0.01%, Reason=trend_reversal
2025-03-09 00:21:54|INFO|Signal: CLOSE @ 85885.910000 (trend_reversal) on BTCUSDT
2025-03-09 00:39:01|INFO|Opened buy trade at 86099.940000 (Stop: 85605.891869, Target: 87335.060328, RR: 2.5)
2025-03-09 00:39:01|INFO|Signal: BUY BUY @ 86099.940000 on BTCUSDT
2025-03-09 00:39:31|INFO|Closed buy trade: Entry=86099.940000, Exit=86167.910000, PROFIT=0.08%, Reason=trend_reversal
2025-03-09 00:39:31|INFO|Signal: CLOSE @ 86167.910000 (trend_reversal) on BTCUSDT
2025-03-09 01:36:22|INFO|Opened buy trade at 86098.580000 (Stop: 85691.878540, Target: 87115.333649, RR: 2.5)
2025-03-09 01:36:22|INFO|Signal: BUY BUY @ 86098.580000 on BTCUSDT
2025-03-09 01:36:22|INFO|Closed buy trade: Entry=86098.580000, Exit=86104.940000, PROFIT=0.01%, Reason=trend_reversal
2025-03-09 01:36:22|INFO|Signal: CLOSE @ 86104.940000 (trend_reversal) on BTCUSDT
2025-03-09 01:36:22|INFO|Opened buy trade at 86110.370000 (Stop: 85580.049606, Target: 87436.170984, RR: 2.5)
2025-03-09 01:36:22|INFO|Signal: BUY BUY @ 86110.370000 on BTCUSDT
2025-03-09 01:36:25|INFO|Closed buy trade: Entry=86110.370000, Exit=86114.420000, PROFIT=0.00%, Reason=trend_reversal
2025-03-09 01:36:25|INFO|Signal: CLOSE @ 86114.420000 (trend_reversal) on BTCUSDT
2025-03-09 04:41:53|INFO|Initiating graceful shutdown
2025-03-09 04:41:53|WARNING|Connection closed: unknown reason
2025-03-09 04:41:54|INFO|Status reporter stopped
